INFO: [SIM 2] *************** CSIM start ***************
INFO: [SIM 4] CSIM will launch GCC as the compiler.
   Compiling ../../../src/testbench.cpp in debug mode
   Generating csim.exe
Testing image 0:
Output Channel 0............................
............................
............................
............................
...........#############....
.......##################...
......##################....
......#################.....
......#################.....
......############..........
.......#######.###..........
........#######.............
..........#######...........
..........#########.........
...........#########........
............########........
.............########.......
.............#######.#......
...........#########........
.........###########........
.......#############........
.....#############..........
...#############............
...###########..............
...##########...............
...########.................
............................
............................
-----------------------------------
..............
..............
...##########.
...#########..
...#########..
...######.....
.....#####....
.....#####....
......#####...
....######....
..########....
.#######......
.######.......
..............
-----------------------------------
.############.
..............
..............
..........####
.....########.
..#########...
...##.........
....##........
.....##.......
..........##..
........####..
......#####...
..#######.....
#######.......
-----------------------------------
#######
.....##
.######
.##....
..##.#.
...###.
#####..
-----------------------------------
Predicted value: 5
###############################################
Testing image 1:
Output Channel 0............................
............................
............................
..............######........
.............#######........
............#########.......
..........############......
..........############......
.........#############......
........##############......
.......###########.####.....
......########.##..####.....
......#######......####.....
......#####..#.....####.....
.....#####.........####.....
.....#####.......######.....
.....#####......#######.....
.....####......#######......
.....####.....#######.......
.....###############........
.....##############.........
.....#############..........
.....############...........
.....##########.............
......#######...............
............................
............................
............................
-----------------------------------
..............
.......###....
......#####...
.....######...
....#######...
...#########..
...####..###..
..###...####..
..###..#####..
..#########...
..########....
..#######.....
...####.......
..............
-----------------------------------
.######....##.
..............
..............
..............
........#.....
......###.....
.....###......
......##......
............#.
.........####.
........###...
.....######...
..#######.....
...####.......
-----------------------------------
####.##
.......
...##..
..##...
....###
..####.
.####..
-----------------------------------
Predicted value: 0
###############################################
Testing image 2:
Output Channel 0............................
............................
............................
............................
...................###......
...###.............#####....
...###.............####.....
...###............#####.....
...###............####......
..####............####......
..####...........#####......
..####...........#####......
..####........#######.......
..####..#############.......
..###################.......
..##################........
..##################........
...#########....####........
................####........
................####........
................####........
................####........
................####........
................####........
................####........
................####........
............................
............................
-----------------------------------
..............
..............
.##......###..
.##......###..
.##......##...
.##.....###...
.##.#######...
.##########...
.#########....
........##....
........##....
........##....
........##....
..............
-----------------------------------
.############.
..............
..............
..............
............#.
............#.
..............
........##.#..
#########..#..
#######.......
..............
..............
........####..
.......####...
-----------------------------------
#######
.......
......#
....##.
######.
.......
...###.
-----------------------------------
Predicted value: 4
###############################################
Testing image 3:
Output Channel 0............................
............................
............................
............................
.................#####......
................#######.....
................######......
...............#######......
..............#######.......
..............######........
.............#######........
............#######.........
............######..........
...........#######..........
..........#######...........
..........######............
.........#######............
.........######.............
.........######.............
........######..............
.......#######..............
.......######...............
.......######...............
.......#####................
.......#####................
.......#####................
............................
............................
-----------------------------------
..............
..............
........####..
.......####...
.......####...
......####....
.....####.....
.....####.....
....####......
....####......
...####.......
...####.......
...###........
..............
-----------------------------------
.############.
..............
..............
..............
..........##..
.........###..
........###...
.........#....
........##....
.......##.....
.......##.....
.......#......
...#####......
...####.......
-----------------------------------
#######
.......
....##.
....##.
...##..
...##..
.###...
-----------------------------------
Predicted value: 1
###############################################
Testing image 4:
Output Channel 0............................
............................
............................
............................
............................
............................
...........##########.......
..........###########.......
........##############......
........#############.......
.......#######.######.......
......#######.######........
.....#######.######.........
.....##############.........
.....#############..........
.....############...........
.....############...........
......###########...........
............#####...........
............####............
............####............
............####............
............#####...........
............######..........
.............#####..........
.............######.........
.............#######........
..............####..........
-----------------------------------
..............
..............
..............
.....######...
....#######...
...########...
..########....
..#######.....
..#######.....
......###.....
......##......
......###.....
......####....
......####....
-----------------------------------
.############.
..............
..............
..............
..............
......#...##..
.........###..
........#.#...
..######......
..####........
..............
..............
..............
.....######...
-----------------------------------
#######
.......
...#.#.
....##.
.###...
.......
..####.
-----------------------------------
Predicted value: 9
###############################################
INFO: [SIM 1] CSim done with 0 errors.
INFO: [SIM 3] *************** CSIM finish ***************
