

================================================================
== Vivado HLS Report for 'top'
================================================================
* Date:           Thu Jul 10 14:52:55 2025

* Version:        2020.1 (Build 2897737 on Wed May 27 20:21:37 MDT 2020)
* Project:        cnn
* Solution:       solution1
* Product family: zynq
* Target device:  xc7z020-clg484-1


================================================================
== Performance Estimates
================================================================
+ Timing: 
    * Summary: 
    +--------+----------+----------+------------+
    |  Clock |  Target  | Estimated| Uncertainty|
    +--------+----------+----------+------------+
    |ap_clk  | 10.00 ns | 8.750 ns |   1.25 ns  |
    +--------+----------+----------+------------+

+ Latency: 
    * Summary: 
    +---------+---------+----------+----------+--------+--------+---------+
    |  Latency (cycles) |  Latency (absolute) |     Interval    | Pipeline|
    |   min   |   max   |    min   |    max   |   min  |   max  |   Type  |
    +---------+---------+----------+----------+--------+--------+---------+
    |   358926|   606590| 3.589 ms | 6.066 ms |  358926|  606590|   none  |
    +---------+---------+----------+----------+--------+--------+---------+

    + Detail: 
        * Instance: 
        +------------------+-------+---------+---------+----------+----------+--------+--------+---------+
        |                  |       |  Latency (cycles) |  Latency (absolute) |     Interval    | Pipeline|
        |     Instance     | Module|   min   |   max   |    min   |    max   |   min  |   max  |   Type  |
        +------------------+-------+---------+---------+----------+----------+--------+--------+---------+
        |grp_dense_fu_188  |dense  |    26977|    26977| 0.270 ms | 0.270 ms |   26977|   26977|   none  |
        |grp_conv2_fu_198  |conv2  |   232089|   232089| 2.321 ms | 2.321 ms |  232089|  232089|   none  |
        |grp_conv1_fu_208  |conv1  |    64312|    64312| 0.643 ms | 0.643 ms |   64312|   64312|   none  |
        |grp_pool_fu_218   |pool   |    17769|   141601| 0.178 ms | 1.416 ms |   17769|  141601|   none  |
        +------------------+-------+---------+---------+----------+----------+--------+--------+---------+

        * Loop: 
        N/A

============================================================
+ Verbose Summary: Synthesis Manager
============================================================
InlineROM: 1
ExposeGlobal: 0
============================================================
+ Verbose Summary: CDFG Model
============================================================
IsTopModel: 1
ResetActiveHigh: 1
IsCombinational: 0
IsDatapathOnly: 0
HasWiredReturn: 1
HasMFsm: 0
HasVarLatency: 1
IsPipeline: 0
IsRtlPipelined: 0
IsInstanceOverlapped: 0
IsDontTouch: 0
HasImplIP: 0
IsGatedGlobalClock: 0


============================================================
+ Verbose Summary: Schedule
============================================================
* Number of FSM states : 11
* Pipeline : 0
* Dataflow Pipeline: 0

* FSM state transitions: 
1 --> 2 
2 --> 3 
3 --> 4 
4 --> 5 
5 --> 6 
6 --> 7 
7 --> 8 
8 --> 9 
9 --> 10 
10 --> 11 
11 --> 

* FSM state operations: 

State 1 <SV = 0> <Delay = 1.00>
ST_1 : Operation 12 [1/1] (1.00ns)   --->   "%fcBias_V_read = call i32 @_ssdm_op_Read.s_axilite.i32(i32 %fcBias_V)" [cnn/src/eight.cpp:9]   --->   Operation 12 'read' 'fcBias_V_read' <Predicate = true> <Delay = 1.00> <Core = "s_axilite">   --->   Core 10 's_axilite' <Latency = 0> <II = 1> <Delay = 1.00> <Adapter> <Opcode : 'read' 'write'>
ST_1 : Operation 13 [1/1] (1.00ns)   --->   "%fcWeight_V_read = call i32 @_ssdm_op_Read.s_axilite.i32(i32 %fcWeight_V)" [cnn/src/eight.cpp:9]   --->   Operation 13 'read' 'fcWeight_V_read' <Predicate = true> <Delay = 1.00> <Core = "s_axilite">   --->   Core 10 's_axilite' <Latency = 0> <II = 1> <Delay = 1.00> <Adapter> <Opcode : 'read' 'write'>
ST_1 : Operation 14 [1/1] (1.00ns)   --->   "%outputDense_V_read = call i32 @_ssdm_op_Read.s_axilite.i32(i32 %outputDense_V)" [cnn/src/eight.cpp:9]   --->   Operation 14 'read' 'outputDense_V_read' <Predicate = true> <Delay = 1.00> <Core = "s_axilite">   --->   Core 10 's_axilite' <Latency = 0> <II = 1> <Delay = 1.00> <Adapter> <Opcode : 'read' 'write'>
ST_1 : Operation 15 [1/1] (1.00ns)   --->   "%outputPool2_V_read = call i32 @_ssdm_op_Read.s_axilite.i32(i32 %outputPool2_V)" [cnn/src/eight.cpp:9]   --->   Operation 15 'read' 'outputPool2_V_read' <Predicate = true> <Delay = 1.00> <Core = "s_axilite">   --->   Core 10 's_axilite' <Latency = 0> <II = 1> <Delay = 1.00> <Adapter> <Opcode : 'read' 'write'>
ST_1 : Operation 16 [1/1] (1.00ns)   --->   "%outputConv2_V_read = call i32 @_ssdm_op_Read.s_axilite.i32(i32 %outputConv2_V)" [cnn/src/eight.cpp:9]   --->   Operation 16 'read' 'outputConv2_V_read' <Predicate = true> <Delay = 1.00> <Core = "s_axilite">   --->   Core 10 's_axilite' <Latency = 0> <II = 1> <Delay = 1.00> <Adapter> <Opcode : 'read' 'write'>
ST_1 : Operation 17 [1/1] (1.00ns)   --->   "%bias2_V_read = call i32 @_ssdm_op_Read.s_axilite.i32(i32 %bias2_V)" [cnn/src/eight.cpp:9]   --->   Operation 17 'read' 'bias2_V_read' <Predicate = true> <Delay = 1.00> <Core = "s_axilite">   --->   Core 10 's_axilite' <Latency = 0> <II = 1> <Delay = 1.00> <Adapter> <Opcode : 'read' 'write'>
ST_1 : Operation 18 [1/1] (1.00ns)   --->   "%weight2_V_read = call i32 @_ssdm_op_Read.s_axilite.i32(i32 %weight2_V)" [cnn/src/eight.cpp:9]   --->   Operation 18 'read' 'weight2_V_read' <Predicate = true> <Delay = 1.00> <Core = "s_axilite">   --->   Core 10 's_axilite' <Latency = 0> <II = 1> <Delay = 1.00> <Adapter> <Opcode : 'read' 'write'>
ST_1 : Operation 19 [1/1] (1.00ns)   --->   "%outputPool_V_read = call i32 @_ssdm_op_Read.s_axilite.i32(i32 %outputPool_V)" [cnn/src/eight.cpp:9]   --->   Operation 19 'read' 'outputPool_V_read' <Predicate = true> <Delay = 1.00> <Core = "s_axilite">   --->   Core 10 's_axilite' <Latency = 0> <II = 1> <Delay = 1.00> <Adapter> <Opcode : 'read' 'write'>
ST_1 : Operation 20 [1/1] (1.00ns)   --->   "%bias_V_read = call i32 @_ssdm_op_Read.s_axilite.i32(i32 %bias_V)" [cnn/src/eight.cpp:9]   --->   Operation 20 'read' 'bias_V_read' <Predicate = true> <Delay = 1.00> <Core = "s_axilite">   --->   Core 10 's_axilite' <Latency = 0> <II = 1> <Delay = 1.00> <Adapter> <Opcode : 'read' 'write'>
ST_1 : Operation 21 [1/1] (1.00ns)   --->   "%weight_V_read = call i32 @_ssdm_op_Read.s_axilite.i32(i32 %weight_V)" [cnn/src/eight.cpp:9]   --->   Operation 21 'read' 'weight_V_read' <Predicate = true> <Delay = 1.00> <Core = "s_axilite">   --->   Core 10 's_axilite' <Latency = 0> <II = 1> <Delay = 1.00> <Adapter> <Opcode : 'read' 'write'>
ST_1 : Operation 22 [1/1] (1.00ns)   --->   "%outputConv_V_read = call i32 @_ssdm_op_Read.s_axilite.i32(i32 %outputConv_V)" [cnn/src/eight.cpp:9]   --->   Operation 22 'read' 'outputConv_V_read' <Predicate = true> <Delay = 1.00> <Core = "s_axilite">   --->   Core 10 's_axilite' <Latency = 0> <II = 1> <Delay = 1.00> <Adapter> <Opcode : 'read' 'write'>
ST_1 : Operation 23 [1/1] (1.00ns)   --->   "%input_V_read = call i32 @_ssdm_op_Read.s_axilite.i32(i32 %input_V)" [cnn/src/eight.cpp:9]   --->   Operation 23 'read' 'input_V_read' <Predicate = true> <Delay = 1.00> <Core = "s_axilite">   --->   Core 10 's_axilite' <Latency = 0> <II = 1> <Delay = 1.00> <Adapter> <Opcode : 'read' 'write'>

State 2 <SV = 1> <Delay = 8.75>
ST_2 : Operation 24 [2/2] (8.75ns)   --->   "call fastcc void @conv1(i8* %gmem, i32 %input_V_read, i32 %outputConv_V_read, i32 %weight_V_read, i32 %bias_V_read)" [cnn/src/eight.cpp:40]   --->   Operation 24 'call' <Predicate = true> <Delay = 8.75> <CoreType = "Generic">   --->   Core 0 '' <Latency = 0> <II = 1> <Delay = 1.00> <Generic> <Opcode : >

State 3 <SV = 2> <Delay = 0.00>
ST_3 : Operation 25 [1/2] (0.00ns)   --->   "call fastcc void @conv1(i8* %gmem, i32 %input_V_read, i32 %outputConv_V_read, i32 %weight_V_read, i32 %bias_V_read)" [cnn/src/eight.cpp:40]   --->   Operation 25 'call' <Predicate = true> <Delay = 0.00> <CoreType = "Generic">   --->   Core 0 '' <Latency = 0> <II = 1> <Delay = 1.00> <Generic> <Opcode : >

State 4 <SV = 3> <Delay = 5.28>
ST_4 : Operation 26 [2/2] (5.28ns)   --->   "call fastcc void @pool(i8* %gmem, i32 %outputConv_V_read, i32 %outputPool_V_read, i6 8, i6 28, i6 28)" [cnn/src/eight.cpp:41]   --->   Operation 26 'call' <Predicate = true> <Delay = 5.28> <CoreType = "Generic">   --->   Core 0 '' <Latency = 0> <II = 1> <Delay = 1.00> <Generic> <Opcode : >

State 5 <SV = 4> <Delay = 0.00>
ST_5 : Operation 27 [1/2] (0.00ns)   --->   "call fastcc void @pool(i8* %gmem, i32 %outputConv_V_read, i32 %outputPool_V_read, i6 8, i6 28, i6 28)" [cnn/src/eight.cpp:41]   --->   Operation 27 'call' <Predicate = true> <Delay = 0.00> <CoreType = "Generic">   --->   Core 0 '' <Latency = 0> <II = 1> <Delay = 1.00> <Generic> <Opcode : >

State 6 <SV = 5> <Delay = 8.75>
ST_6 : Operation 28 [2/2] (8.75ns)   --->   "call fastcc void @conv2(i8* %gmem, i32 %outputPool_V_read, i32 %outputConv2_V_read, i32 %weight2_V_read, i32 %bias2_V_read)" [cnn/src/eight.cpp:43]   --->   Operation 28 'call' <Predicate = true> <Delay = 8.75> <CoreType = "Generic">   --->   Core 0 '' <Latency = 0> <II = 1> <Delay = 1.00> <Generic> <Opcode : >

State 7 <SV = 6> <Delay = 0.00>
ST_7 : Operation 29 [1/2] (0.00ns)   --->   "call fastcc void @conv2(i8* %gmem, i32 %outputPool_V_read, i32 %outputConv2_V_read, i32 %weight2_V_read, i32 %bias2_V_read)" [cnn/src/eight.cpp:43]   --->   Operation 29 'call' <Predicate = true> <Delay = 0.00> <CoreType = "Generic">   --->   Core 0 '' <Latency = 0> <II = 1> <Delay = 1.00> <Generic> <Opcode : >

State 8 <SV = 7> <Delay = 5.28>
ST_8 : Operation 30 [2/2] (5.28ns)   --->   "call fastcc void @pool(i8* %gmem, i32 %outputConv2_V_read, i32 %outputPool2_V_read, i6 16, i6 14, i6 14)" [cnn/src/eight.cpp:44]   --->   Operation 30 'call' <Predicate = true> <Delay = 5.28> <CoreType = "Generic">   --->   Core 0 '' <Latency = 0> <II = 1> <Delay = 1.00> <Generic> <Opcode : >

State 9 <SV = 8> <Delay = 0.00>
ST_9 : Operation 31 [1/2] (0.00ns)   --->   "call fastcc void @pool(i8* %gmem, i32 %outputConv2_V_read, i32 %outputPool2_V_read, i6 16, i6 14, i6 14)" [cnn/src/eight.cpp:44]   --->   Operation 31 'call' <Predicate = true> <Delay = 0.00> <CoreType = "Generic">   --->   Core 0 '' <Latency = 0> <II = 1> <Delay = 1.00> <Generic> <Opcode : >

State 10 <SV = 9> <Delay = 8.75>
ST_10 : Operation 32 [2/2] (8.75ns)   --->   "call fastcc void @dense(i8* %gmem, i32 %outputPool2_V_read, i32 %outputDense_V_read, i32 %fcWeight_V_read, i32 %fcBias_V_read)" [cnn/src/eight.cpp:46]   --->   Operation 32 'call' <Predicate = true> <Delay = 8.75> <CoreType = "Generic">   --->   Core 0 '' <Latency = 0> <II = 1> <Delay = 1.00> <Generic> <Opcode : >

State 11 <SV = 10> <Delay = 0.00>
ST_11 : Operation 33 [1/1] (0.00ns)   --->   "call void (...)* @_ssdm_op_SpecBitsMap(i8* %gmem), !map !178"   --->   Operation 33 'specbitsmap' <Predicate = true> <Delay = 0.00>
ST_11 : Operation 34 [1/1] (0.00ns)   --->   "call void (...)* @_ssdm_op_SpecInterface(i32 %outputPool_V, [10 x i8]* @mode7, i32 0, i32 0, [1 x i8]* @p_str110, i32 0, i32 0, [1 x i8]* @bundle8, [6 x i8]* @p_str312, [1 x i8]* @p_str110, i32 16, i32 16, i32 16, i32 16, [1 x i8]* @p_str110, [1 x i8]* @p_str110) nounwind"   --->   Operation 34 'specinterface' <Predicate = true> <Delay = 0.00>
ST_11 : Operation 35 [1/1] (0.00ns)   --->   "call void (...)* @_ssdm_op_SpecTopModule([4 x i8]* @top_str) nounwind"   --->   Operation 35 'spectopmodule' <Predicate = true> <Delay = 0.00>
ST_11 : Operation 36 [1/1] (0.00ns)   --->   "call void (...)* @_ssdm_op_SpecInterface(i8* %gmem, [6 x i8]* @p_str9, i32 0, i32 0, [1 x i8]* @p_str110, i32 0, i32 0, [5 x i8]* @p_str211, [6 x i8]* @p_str312, [1 x i8]* @p_str110, i32 16, i32 16, i32 16, i32 16, [1 x i8]* @p_str110, [1 x i8]* @p_str110) nounwind" [cnn/src/eight.cpp:26]   --->   Operation 36 'specinterface' <Predicate = true> <Delay = 0.00>
ST_11 : Operation 37 [1/1] (0.00ns)   --->   "call void (...)* @_ssdm_op_SpecInterface(i32 %input_V, [10 x i8]* @mode, i32 0, i32 0, [1 x i8]* @p_str110, i32 0, i32 0, [1 x i8]* @bundle, [6 x i8]* @p_str312, [1 x i8]* @p_str110, i32 16, i32 16, i32 16, i32 16, [1 x i8]* @p_str110, [1 x i8]* @p_str110) nounwind" [cnn/src/eight.cpp:26]   --->   Operation 37 'specinterface' <Predicate = true> <Delay = 0.00>
ST_11 : Operation 38 [1/1] (0.00ns)   --->   "call void (...)* @_ssdm_op_SpecInterface(i32 %outputConv_V, [10 x i8]* @mode1, i32 0, i32 0, [1 x i8]* @p_str110, i32 0, i32 0, [1 x i8]* @bundle2, [6 x i8]* @p_str312, [1 x i8]* @p_str110, i32 16, i32 16, i32 16, i32 16, [1 x i8]* @p_str110, [1 x i8]* @p_str110) nounwind" [cnn/src/eight.cpp:27]   --->   Operation 38 'specinterface' <Predicate = true> <Delay = 0.00>
ST_11 : Operation 39 [1/1] (0.00ns)   --->   "call void (...)* @_ssdm_op_SpecInterface(i32 %weight_V, [10 x i8]* @mode3, i32 0, i32 0, [1 x i8]* @p_str110, i32 0, i32 0, [1 x i8]* @bundle4, [6 x i8]* @p_str312, [1 x i8]* @p_str110, i32 16, i32 16, i32 16, i32 16, [1 x i8]* @p_str110, [1 x i8]* @p_str110) nounwind" [cnn/src/eight.cpp:28]   --->   Operation 39 'specinterface' <Predicate = true> <Delay = 0.00>
ST_11 : Operation 40 [1/1] (0.00ns)   --->   "call void (...)* @_ssdm_op_SpecInterface(i32 %bias_V, [10 x i8]* @mode5, i32 0, i32 0, [1 x i8]* @p_str110, i32 0, i32 0, [1 x i8]* @bundle6, [6 x i8]* @p_str312, [1 x i8]* @p_str110, i32 16, i32 16, i32 16, i32 16, [1 x i8]* @p_str110, [1 x i8]* @p_str110) nounwind" [cnn/src/eight.cpp:29]   --->   Operation 40 'specinterface' <Predicate = true> <Delay = 0.00>
ST_11 : Operation 41 [1/1] (0.00ns)   --->   "call void (...)* @_ssdm_op_SpecInterface(i32 %weight2_V, [10 x i8]* @mode9, i32 0, i32 0, [1 x i8]* @p_str110, i32 0, i32 0, [1 x i8]* @bundle10, [6 x i8]* @p_str312, [1 x i8]* @p_str110, i32 16, i32 16, i32 16, i32 16, [1 x i8]* @p_str110, [1 x i8]* @p_str110) nounwind" [cnn/src/eight.cpp:30]   --->   Operation 41 'specinterface' <Predicate = true> <Delay = 0.00>
ST_11 : Operation 42 [1/1] (0.00ns)   --->   "call void (...)* @_ssdm_op_SpecInterface(i32 %bias2_V, [10 x i8]* @mode11, i32 0, i32 0, [1 x i8]* @p_str110, i32 0, i32 0, [1 x i8]* @bundle12, [6 x i8]* @p_str312, [1 x i8]* @p_str110, i32 16, i32 16, i32 16, i32 16, [1 x i8]* @p_str110, [1 x i8]* @p_str110) nounwind" [cnn/src/eight.cpp:31]   --->   Operation 42 'specinterface' <Predicate = true> <Delay = 0.00>
ST_11 : Operation 43 [1/1] (0.00ns)   --->   "call void (...)* @_ssdm_op_SpecInterface(i32 %outputConv2_V, [10 x i8]* @mode13, i32 0, i32 0, [1 x i8]* @p_str110, i32 0, i32 0, [1 x i8]* @bundle14, [6 x i8]* @p_str312, [1 x i8]* @p_str110, i32 16, i32 16, i32 16, i32 16, [1 x i8]* @p_str110, [1 x i8]* @p_str110) nounwind" [cnn/src/eight.cpp:32]   --->   Operation 43 'specinterface' <Predicate = true> <Delay = 0.00>
ST_11 : Operation 44 [1/1] (0.00ns)   --->   "call void (...)* @_ssdm_op_SpecInterface(i32 %outputPool2_V, [10 x i8]* @mode15, i32 0, i32 0, [1 x i8]* @p_str110, i32 0, i32 0, [1 x i8]* @bundle16, [6 x i8]* @p_str312, [1 x i8]* @p_str110, i32 16, i32 16, i32 16, i32 16, [1 x i8]* @p_str110, [1 x i8]* @p_str110) nounwind" [cnn/src/eight.cpp:33]   --->   Operation 44 'specinterface' <Predicate = true> <Delay = 0.00>
ST_11 : Operation 45 [1/1] (0.00ns)   --->   "call void (...)* @_ssdm_op_SpecInterface(i32 %outputDense_V, [10 x i8]* @mode17, i32 0, i32 0, [1 x i8]* @p_str110, i32 0, i32 0, [1 x i8]* @bundle18, [6 x i8]* @p_str312, [1 x i8]* @p_str110, i32 16, i32 16, i32 16, i32 16, [1 x i8]* @p_str110, [1 x i8]* @p_str110) nounwind" [cnn/src/eight.cpp:34]   --->   Operation 45 'specinterface' <Predicate = true> <Delay = 0.00>
ST_11 : Operation 46 [1/1] (0.00ns)   --->   "call void (...)* @_ssdm_op_SpecInterface(i32 %fcWeight_V, [10 x i8]* @mode19, i32 0, i32 0, [1 x i8]* @p_str110, i32 0, i32 0, [1 x i8]* @bundle20, [6 x i8]* @p_str312, [1 x i8]* @p_str110, i32 16, i32 16, i32 16, i32 16, [1 x i8]* @p_str110, [1 x i8]* @p_str110) nounwind" [cnn/src/eight.cpp:35]   --->   Operation 46 'specinterface' <Predicate = true> <Delay = 0.00>
ST_11 : Operation 47 [1/1] (0.00ns)   --->   "call void (...)* @_ssdm_op_SpecInterface(i32 %fcBias_V, [10 x i8]* @mode21, i32 0, i32 0, [1 x i8]* @p_str110, i32 0, i32 0, [1 x i8]* @bundle22, [6 x i8]* @p_str312, [1 x i8]* @p_str110, i32 16, i32 16, i32 16, i32 16, [1 x i8]* @p_str110, [1 x i8]* @p_str110) nounwind" [cnn/src/eight.cpp:36]   --->   Operation 47 'specinterface' <Predicate = true> <Delay = 0.00>
ST_11 : Operation 48 [1/1] (0.00ns)   --->   "call void (...)* @_ssdm_op_SpecInterface(i32 0, [10 x i8]* @p_str413, i32 0, i32 0, [1 x i8]* @p_str110, i32 0, i32 0, [8 x i8]* @p_str514, [1 x i8]* @p_str110, [1 x i8]* @p_str110, i32 0, i32 0, i32 0, i32 0, [1 x i8]* @p_str110, [1 x i8]* @p_str110) nounwind" [cnn/src/eight.cpp:38]   --->   Operation 48 'specinterface' <Predicate = true> <Delay = 0.00>
ST_11 : Operation 49 [1/2] (0.00ns)   --->   "call fastcc void @dense(i8* %gmem, i32 %outputPool2_V_read, i32 %outputDense_V_read, i32 %fcWeight_V_read, i32 %fcBias_V_read)" [cnn/src/eight.cpp:46]   --->   Operation 49 'call' <Predicate = true> <Delay = 0.00> <CoreType = "Generic">   --->   Core 0 '' <Latency = 0> <II = 1> <Delay = 1.00> <Generic> <Opcode : >
ST_11 : Operation 50 [1/1] (0.00ns)   --->   "ret void" [cnn/src/eight.cpp:49]   --->   Operation 50 'ret' <Predicate = true> <Delay = 0.00>


============================================================
+ Verbose Summary: Binding
============================================================
STG Binding: 
---------------- STG Properties BEGIN ----------------
- Is combinational: 0
- Is one-state seq: 0
- Is datapath-only: 0
- Is pipelined: 0
- Is top level: 1
Port [ Return ] is wired: 1; IO mode=ap_ctrl_hs:ce=0
Port [ gmem]:  wired=1; compound=1; hidden=0; nouse=0; global=0; static=0; extern=0; dir=2; type=4; pingpong=0; private_global=0; IO mode=m_axi:ce=0
Port [ input_V]:  wired=1; compound=0; hidden=0; nouse=0; global=0; static=0; extern=0; dir=0; type=0; pingpong=0; private_global=0; IO mode=ap_none:ce=0
Port [ outputConv_V]:  wired=1; compound=0; hidden=0; nouse=0; global=0; static=0; extern=0; dir=0; type=0; pingpong=0; private_global=0; IO mode=ap_none:ce=0
Port [ weight_V]:  wired=1; compound=0; hidden=0; nouse=0; global=0; static=0; extern=0; dir=0; type=0; pingpong=0; private_global=0; IO mode=ap_none:ce=0
Port [ bias_V]:  wired=1; compound=0; hidden=0; nouse=0; global=0; static=0; extern=0; dir=0; type=0; pingpong=0; private_global=0; IO mode=ap_none:ce=0
Port [ outputPool_V]:  wired=1; compound=0; hidden=0; nouse=0; global=0; static=0; extern=0; dir=0; type=0; pingpong=0; private_global=0; IO mode=ap_none:ce=0
Port [ weight2_V]:  wired=1; compound=0; hidden=0; nouse=0; global=0; static=0; extern=0; dir=0; type=0; pingpong=0; private_global=0; IO mode=ap_none:ce=0
Port [ bias2_V]:  wired=1; compound=0; hidden=0; nouse=0; global=0; static=0; extern=0; dir=0; type=0; pingpong=0; private_global=0; IO mode=ap_none:ce=0
Port [ outputConv2_V]:  wired=1; compound=0; hidden=0; nouse=0; global=0; static=0; extern=0; dir=0; type=0; pingpong=0; private_global=0; IO mode=ap_none:ce=0
Port [ outputPool2_V]:  wired=1; compound=0; hidden=0; nouse=0; global=0; static=0; extern=0; dir=0; type=0; pingpong=0; private_global=0; IO mode=ap_none:ce=0
Port [ outputDense_V]:  wired=1; compound=0; hidden=0; nouse=0; global=0; static=0; extern=0; dir=0; type=0; pingpong=0; private_global=0; IO mode=ap_none:ce=0
Port [ fcWeight_V]:  wired=1; compound=0; hidden=0; nouse=0; global=0; static=0; extern=0; dir=0; type=0; pingpong=0; private_global=0; IO mode=ap_none:ce=0
Port [ fcBias_V]:  wired=1; compound=0; hidden=0; nouse=0; global=0; static=0; extern=0; dir=0; type=0; pingpong=0; private_global=0; IO mode=ap_none:ce=0
---------------- STG Properties END ------------------

---------------- Datapath Model BEGIN ----------------

<LifeTime>
<method=bitvector/>
fcBias_V_read      (read         ) [ 001111111111]
fcWeight_V_read    (read         ) [ 001111111111]
outputDense_V_read (read         ) [ 001111111111]
outputPool2_V_read (read         ) [ 001111111111]
outputConv2_V_read (read         ) [ 001111111100]
bias2_V_read       (read         ) [ 001111110000]
weight2_V_read     (read         ) [ 001111110000]
outputPool_V_read  (read         ) [ 001111110000]
bias_V_read        (read         ) [ 001100000000]
weight_V_read      (read         ) [ 001100000000]
outputConv_V_read  (read         ) [ 001111000000]
input_V_read       (read         ) [ 001100000000]
call_ln40          (call         ) [ 000000000000]
call_ln41          (call         ) [ 000000000000]
call_ln43          (call         ) [ 000000000000]
call_ln44          (call         ) [ 000000000000]
specbitsmap_ln0    (specbitsmap  ) [ 000000000000]
specinterface_ln0  (specinterface) [ 000000000000]
spectopmodule_ln0  (spectopmodule) [ 000000000000]
specinterface_ln26 (specinterface) [ 000000000000]
specinterface_ln26 (specinterface) [ 000000000000]
specinterface_ln27 (specinterface) [ 000000000000]
specinterface_ln28 (specinterface) [ 000000000000]
specinterface_ln29 (specinterface) [ 000000000000]
specinterface_ln30 (specinterface) [ 000000000000]
specinterface_ln31 (specinterface) [ 000000000000]
specinterface_ln32 (specinterface) [ 000000000000]
specinterface_ln33 (specinterface) [ 000000000000]
specinterface_ln34 (specinterface) [ 000000000000]
specinterface_ln35 (specinterface) [ 000000000000]
specinterface_ln36 (specinterface) [ 000000000000]
specinterface_ln38 (specinterface) [ 000000000000]
call_ln46          (call         ) [ 000000000000]
ret_ln49           (ret          ) [ 000000000000]
</LifeTime>

<model>

<comp_list>
<comp id="0" class="1000" name="gmem">
<pin_list>
<pin id="1" dir="1" index="0" bw="1" slack="0"/>
</pin_list>
<bind>
<StgValue><ssdm name="gmem"/></StgValue>
</bind>
</comp>

<comp id="2" class="1000" name="input_V">
<pin_list>
<pin id="3" dir="1" index="0" bw="1" slack="0"/>
</pin_list>
<bind>
<StgValue><ssdm name="input_V"/></StgValue>
</bind>
</comp>

<comp id="4" class="1000" name="outputConv_V">
<pin_list>
<pin id="5" dir="1" index="0" bw="1" slack="0"/>
</pin_list>
<bind>
<StgValue><ssdm name="outputConv_V"/></StgValue>
</bind>
</comp>

<comp id="6" class="1000" name="weight_V">
<pin_list>
<pin id="7" dir="1" index="0" bw="1" slack="0"/>
</pin_list>
<bind>
<StgValue><ssdm name="weight_V"/></StgValue>
</bind>
</comp>

<comp id="8" class="1000" name="bias_V">
<pin_list>
<pin id="9" dir="1" index="0" bw="1" slack="0"/>
</pin_list>
<bind>
<StgValue><ssdm name="bias_V"/></StgValue>
</bind>
</comp>

<comp id="10" class="1000" name="outputPool_V">
<pin_list>
<pin id="11" dir="1" index="0" bw="1" slack="0"/>
</pin_list>
<bind>
<StgValue><ssdm name="outputPool_V"/></StgValue>
</bind>
</comp>

<comp id="12" class="1000" name="weight2_V">
<pin_list>
<pin id="13" dir="1" index="0" bw="1" slack="0"/>
</pin_list>
<bind>
<StgValue><ssdm name="weight2_V"/></StgValue>
</bind>
</comp>

<comp id="14" class="1000" name="bias2_V">
<pin_list>
<pin id="15" dir="1" index="0" bw="1" slack="0"/>
</pin_list>
<bind>
<StgValue><ssdm name="bias2_V"/></StgValue>
</bind>
</comp>

<comp id="16" class="1000" name="outputConv2_V">
<pin_list>
<pin id="17" dir="1" index="0" bw="1" slack="0"/>
</pin_list>
<bind>
<StgValue><ssdm name="outputConv2_V"/></StgValue>
</bind>
</comp>

<comp id="18" class="1000" name="outputPool2_V">
<pin_list>
<pin id="19" dir="1" index="0" bw="1" slack="0"/>
</pin_list>
<bind>
<StgValue><ssdm name="outputPool2_V"/></StgValue>
</bind>
</comp>

<comp id="20" class="1000" name="outputDense_V">
<pin_list>
<pin id="21" dir="1" index="0" bw="1" slack="0"/>
</pin_list>
<bind>
<StgValue><ssdm name="outputDense_V"/></StgValue>
</bind>
</comp>

<comp id="22" class="1000" name="fcWeight_V">
<pin_list>
<pin id="23" dir="1" index="0" bw="1" slack="0"/>
</pin_list>
<bind>
<StgValue><ssdm name="fcWeight_V"/></StgValue>
</bind>
</comp>

<comp id="24" class="1000" name="fcBias_V">
<pin_list>
<pin id="25" dir="1" index="0" bw="1" slack="0"/>
</pin_list>
<bind>
<StgValue><ssdm name="fcBias_V"/></StgValue>
</bind>
</comp>

<comp id="26" class="1001" name="const_26">
<pin_list>
<pin id="27" dir="1" index="0" bw="1" slack="0"/>
</pin_list>
<bind>
<StgValue><ssdm name="_ssdm_op_Read.s_axilite.i32"/></StgValue>
</bind>
</comp>

<comp id="28" class="1001" name="const_28">
<pin_list>
<pin id="29" dir="1" index="0" bw="1" slack="0"/>
</pin_list>
<bind>
<StgValue><ssdm name="conv1"/></StgValue>
</bind>
</comp>

<comp id="30" class="1001" name="const_30">
<pin_list>
<pin id="31" dir="1" index="0" bw="1" slack="0"/>
</pin_list>
<bind>
<StgValue><ssdm name="pool"/></StgValue>
</bind>
</comp>

<comp id="32" class="1001" name="const_32">
<pin_list>
<pin id="33" dir="1" index="0" bw="1" slack="0"/>
</pin_list>
<bind>
<StgValue><ssdm name=""/></StgValue>
</bind>
</comp>

<comp id="34" class="1001" name="const_34">
<pin_list>
<pin id="35" dir="1" index="0" bw="1" slack="0"/>
</pin_list>
<bind>
<StgValue><ssdm name=""/></StgValue>
</bind>
</comp>

<comp id="36" class="1001" name="const_36">
<pin_list>
<pin id="37" dir="1" index="0" bw="1" slack="0"/>
</pin_list>
<bind>
<StgValue><ssdm name="conv2"/></StgValue>
</bind>
</comp>

<comp id="38" class="1001" name="const_38">
<pin_list>
<pin id="39" dir="1" index="0" bw="1" slack="0"/>
</pin_list>
<bind>
<StgValue><ssdm name=""/></StgValue>
</bind>
</comp>

<comp id="40" class="1001" name="const_40">
<pin_list>
<pin id="41" dir="1" index="0" bw="1" slack="0"/>
</pin_list>
<bind>
<StgValue><ssdm name=""/></StgValue>
</bind>
</comp>

<comp id="42" class="1001" name="const_42">
<pin_list>
<pin id="43" dir="1" index="0" bw="1" slack="0"/>
</pin_list>
<bind>
<StgValue><ssdm name="dense"/></StgValue>
</bind>
</comp>

<comp id="44" class="1001" name="const_44">
<pin_list>
<pin id="45" dir="1" index="0" bw="1" slack="2147483647"/>
</pin_list>
<bind>
<StgValue><ssdm name="_ssdm_op_SpecBitsMap"/></StgValue>
</bind>
</comp>

<comp id="46" class="1001" name="const_46">
<pin_list>
<pin id="47" dir="1" index="0" bw="1" slack="2147483647"/>
</pin_list>
<bind>
<StgValue><ssdm name="_ssdm_op_SpecInterface"/></StgValue>
</bind>
</comp>

<comp id="48" class="1001" name="const_48">
<pin_list>
<pin id="49" dir="1" index="0" bw="1" slack="2147483647"/>
</pin_list>
<bind>
<StgValue><ssdm name="mode7"/></StgValue>
</bind>
</comp>

<comp id="50" class="1001" name="const_50">
<pin_list>
<pin id="51" dir="1" index="0" bw="1" slack="2147483647"/>
</pin_list>
<bind>
<StgValue><ssdm name=""/></StgValue>
</bind>
</comp>

<comp id="52" class="1001" name="const_52">
<pin_list>
<pin id="53" dir="1" index="0" bw="1" slack="2147483647"/>
</pin_list>
<bind>
<StgValue><ssdm name="p_str110"/></StgValue>
</bind>
</comp>

<comp id="54" class="1001" name="const_54">
<pin_list>
<pin id="55" dir="1" index="0" bw="1" slack="2147483647"/>
</pin_list>
<bind>
<StgValue><ssdm name="bundle8"/></StgValue>
</bind>
</comp>

<comp id="56" class="1001" name="const_56">
<pin_list>
<pin id="57" dir="1" index="0" bw="1" slack="2147483647"/>
</pin_list>
<bind>
<StgValue><ssdm name="p_str312"/></StgValue>
</bind>
</comp>

<comp id="58" class="1001" name="const_58">
<pin_list>
<pin id="59" dir="1" index="0" bw="1" slack="2147483647"/>
</pin_list>
<bind>
<StgValue><ssdm name=""/></StgValue>
</bind>
</comp>

<comp id="60" class="1001" name="const_60">
<pin_list>
<pin id="61" dir="1" index="0" bw="1" slack="2147483647"/>
</pin_list>
<bind>
<StgValue><ssdm name="_ssdm_op_SpecTopModule"/></StgValue>
</bind>
</comp>

<comp id="62" class="1001" name="const_62">
<pin_list>
<pin id="63" dir="1" index="0" bw="1" slack="2147483647"/>
</pin_list>
<bind>
<StgValue><ssdm name="top_str"/></StgValue>
</bind>
</comp>

<comp id="64" class="1001" name="const_64">
<pin_list>
<pin id="65" dir="1" index="0" bw="1" slack="2147483647"/>
</pin_list>
<bind>
<StgValue><ssdm name="p_str9"/></StgValue>
</bind>
</comp>

<comp id="66" class="1001" name="const_66">
<pin_list>
<pin id="67" dir="1" index="0" bw="1" slack="2147483647"/>
</pin_list>
<bind>
<StgValue><ssdm name="p_str211"/></StgValue>
</bind>
</comp>

<comp id="68" class="1001" name="const_68">
<pin_list>
<pin id="69" dir="1" index="0" bw="1" slack="2147483647"/>
</pin_list>
<bind>
<StgValue><ssdm name="mode"/></StgValue>
</bind>
</comp>

<comp id="70" class="1001" name="const_70">
<pin_list>
<pin id="71" dir="1" index="0" bw="1" slack="2147483647"/>
</pin_list>
<bind>
<StgValue><ssdm name="bundle"/></StgValue>
</bind>
</comp>

<comp id="72" class="1001" name="const_72">
<pin_list>
<pin id="73" dir="1" index="0" bw="1" slack="2147483647"/>
</pin_list>
<bind>
<StgValue><ssdm name="mode1"/></StgValue>
</bind>
</comp>

<comp id="74" class="1001" name="const_74">
<pin_list>
<pin id="75" dir="1" index="0" bw="1" slack="2147483647"/>
</pin_list>
<bind>
<StgValue><ssdm name="bundle2"/></StgValue>
</bind>
</comp>

<comp id="76" class="1001" name="const_76">
<pin_list>
<pin id="77" dir="1" index="0" bw="1" slack="2147483647"/>
</pin_list>
<bind>
<StgValue><ssdm name="mode3"/></StgValue>
</bind>
</comp>

<comp id="78" class="1001" name="const_78">
<pin_list>
<pin id="79" dir="1" index="0" bw="1" slack="2147483647"/>
</pin_list>
<bind>
<StgValue><ssdm name="bundle4"/></StgValue>
</bind>
</comp>

<comp id="80" class="1001" name="const_80">
<pin_list>
<pin id="81" dir="1" index="0" bw="1" slack="2147483647"/>
</pin_list>
<bind>
<StgValue><ssdm name="mode5"/></StgValue>
</bind>
</comp>

<comp id="82" class="1001" name="const_82">
<pin_list>
<pin id="83" dir="1" index="0" bw="1" slack="2147483647"/>
</pin_list>
<bind>
<StgValue><ssdm name="bundle6"/></StgValue>
</bind>
</comp>

<comp id="84" class="1001" name="const_84">
<pin_list>
<pin id="85" dir="1" index="0" bw="1" slack="2147483647"/>
</pin_list>
<bind>
<StgValue><ssdm name="mode9"/></StgValue>
</bind>
</comp>

<comp id="86" class="1001" name="const_86">
<pin_list>
<pin id="87" dir="1" index="0" bw="1" slack="2147483647"/>
</pin_list>
<bind>
<StgValue><ssdm name="bundle10"/></StgValue>
</bind>
</comp>

<comp id="88" class="1001" name="const_88">
<pin_list>
<pin id="89" dir="1" index="0" bw="1" slack="2147483647"/>
</pin_list>
<bind>
<StgValue><ssdm name="mode11"/></StgValue>
</bind>
</comp>

<comp id="90" class="1001" name="const_90">
<pin_list>
<pin id="91" dir="1" index="0" bw="1" slack="2147483647"/>
</pin_list>
<bind>
<StgValue><ssdm name="bundle12"/></StgValue>
</bind>
</comp>

<comp id="92" class="1001" name="const_92">
<pin_list>
<pin id="93" dir="1" index="0" bw="1" slack="2147483647"/>
</pin_list>
<bind>
<StgValue><ssdm name="mode13"/></StgValue>
</bind>
</comp>

<comp id="94" class="1001" name="const_94">
<pin_list>
<pin id="95" dir="1" index="0" bw="1" slack="2147483647"/>
</pin_list>
<bind>
<StgValue><ssdm name="bundle14"/></StgValue>
</bind>
</comp>

<comp id="96" class="1001" name="const_96">
<pin_list>
<pin id="97" dir="1" index="0" bw="1" slack="2147483647"/>
</pin_list>
<bind>
<StgValue><ssdm name="mode15"/></StgValue>
</bind>
</comp>

<comp id="98" class="1001" name="const_98">
<pin_list>
<pin id="99" dir="1" index="0" bw="1" slack="2147483647"/>
</pin_list>
<bind>
<StgValue><ssdm name="bundle16"/></StgValue>
</bind>
</comp>

<comp id="100" class="1001" name="const_100">
<pin_list>
<pin id="101" dir="1" index="0" bw="1" slack="2147483647"/>
</pin_list>
<bind>
<StgValue><ssdm name="mode17"/></StgValue>
</bind>
</comp>

<comp id="102" class="1001" name="const_102">
<pin_list>
<pin id="103" dir="1" index="0" bw="1" slack="2147483647"/>
</pin_list>
<bind>
<StgValue><ssdm name="bundle18"/></StgValue>
</bind>
</comp>

<comp id="104" class="1001" name="const_104">
<pin_list>
<pin id="105" dir="1" index="0" bw="1" slack="2147483647"/>
</pin_list>
<bind>
<StgValue><ssdm name="mode19"/></StgValue>
</bind>
</comp>

<comp id="106" class="1001" name="const_106">
<pin_list>
<pin id="107" dir="1" index="0" bw="1" slack="2147483647"/>
</pin_list>
<bind>
<StgValue><ssdm name="bundle20"/></StgValue>
</bind>
</comp>

<comp id="108" class="1001" name="const_108">
<pin_list>
<pin id="109" dir="1" index="0" bw="1" slack="2147483647"/>
</pin_list>
<bind>
<StgValue><ssdm name="mode21"/></StgValue>
</bind>
</comp>

<comp id="110" class="1001" name="const_110">
<pin_list>
<pin id="111" dir="1" index="0" bw="1" slack="2147483647"/>
</pin_list>
<bind>
<StgValue><ssdm name="bundle22"/></StgValue>
</bind>
</comp>

<comp id="112" class="1001" name="const_112">
<pin_list>
<pin id="113" dir="1" index="0" bw="1" slack="2147483647"/>
</pin_list>
<bind>
<StgValue><ssdm name="p_str413"/></StgValue>
</bind>
</comp>

<comp id="114" class="1001" name="const_114">
<pin_list>
<pin id="115" dir="1" index="0" bw="1" slack="2147483647"/>
</pin_list>
<bind>
<StgValue><ssdm name="p_str514"/></StgValue>
</bind>
</comp>

<comp id="116" class="1004" name="fcBias_V_read_read_fu_116">
<pin_list>
<pin id="117" dir="0" index="0" bw="32" slack="0"/>
<pin id="118" dir="0" index="1" bw="32" slack="0"/>
<pin id="119" dir="1" index="2" bw="32" slack="9"/>
</pin_list>
<bind>
<opcode="read(1150) " fcode="read"/>
<opset="fcBias_V_read/1 "/>
</bind>
</comp>

<comp id="122" class="1004" name="fcWeight_V_read_read_fu_122">
<pin_list>
<pin id="123" dir="0" index="0" bw="32" slack="0"/>
<pin id="124" dir="0" index="1" bw="32" slack="0"/>
<pin id="125" dir="1" index="2" bw="32" slack="9"/>
</pin_list>
<bind>
<opcode="read(1150) " fcode="read"/>
<opset="fcWeight_V_read/1 "/>
</bind>
</comp>

<comp id="128" class="1004" name="outputDense_V_read_read_fu_128">
<pin_list>
<pin id="129" dir="0" index="0" bw="32" slack="0"/>
<pin id="130" dir="0" index="1" bw="32" slack="0"/>
<pin id="131" dir="1" index="2" bw="32" slack="9"/>
</pin_list>
<bind>
<opcode="read(1150) " fcode="read"/>
<opset="outputDense_V_read/1 "/>
</bind>
</comp>

<comp id="134" class="1004" name="outputPool2_V_read_read_fu_134">
<pin_list>
<pin id="135" dir="0" index="0" bw="32" slack="0"/>
<pin id="136" dir="0" index="1" bw="32" slack="0"/>
<pin id="137" dir="1" index="2" bw="32" slack="7"/>
</pin_list>
<bind>
<opcode="read(1150) " fcode="read"/>
<opset="outputPool2_V_read/1 "/>
</bind>
</comp>

<comp id="140" class="1004" name="outputConv2_V_read_read_fu_140">
<pin_list>
<pin id="141" dir="0" index="0" bw="32" slack="0"/>
<pin id="142" dir="0" index="1" bw="32" slack="0"/>
<pin id="143" dir="1" index="2" bw="32" slack="5"/>
</pin_list>
<bind>
<opcode="read(1150) " fcode="read"/>
<opset="outputConv2_V_read/1 "/>
</bind>
</comp>

<comp id="146" class="1004" name="bias2_V_read_read_fu_146">
<pin_list>
<pin id="147" dir="0" index="0" bw="32" slack="0"/>
<pin id="148" dir="0" index="1" bw="32" slack="0"/>
<pin id="149" dir="1" index="2" bw="32" slack="5"/>
</pin_list>
<bind>
<opcode="read(1150) " fcode="read"/>
<opset="bias2_V_read/1 "/>
</bind>
</comp>

<comp id="152" class="1004" name="weight2_V_read_read_fu_152">
<pin_list>
<pin id="153" dir="0" index="0" bw="32" slack="0"/>
<pin id="154" dir="0" index="1" bw="32" slack="0"/>
<pin id="155" dir="1" index="2" bw="32" slack="5"/>
</pin_list>
<bind>
<opcode="read(1150) " fcode="read"/>
<opset="weight2_V_read/1 "/>
</bind>
</comp>

<comp id="158" class="1004" name="outputPool_V_read_read_fu_158">
<pin_list>
<pin id="159" dir="0" index="0" bw="32" slack="0"/>
<pin id="160" dir="0" index="1" bw="32" slack="0"/>
<pin id="161" dir="1" index="2" bw="32" slack="3"/>
</pin_list>
<bind>
<opcode="read(1150) " fcode="read"/>
<opset="outputPool_V_read/1 "/>
</bind>
</comp>

<comp id="164" class="1004" name="bias_V_read_read_fu_164">
<pin_list>
<pin id="165" dir="0" index="0" bw="32" slack="0"/>
<pin id="166" dir="0" index="1" bw="32" slack="0"/>
<pin id="167" dir="1" index="2" bw="32" slack="1"/>
</pin_list>
<bind>
<opcode="read(1150) " fcode="read"/>
<opset="bias_V_read/1 "/>
</bind>
</comp>

<comp id="170" class="1004" name="weight_V_read_read_fu_170">
<pin_list>
<pin id="171" dir="0" index="0" bw="32" slack="0"/>
<pin id="172" dir="0" index="1" bw="32" slack="0"/>
<pin id="173" dir="1" index="2" bw="32" slack="1"/>
</pin_list>
<bind>
<opcode="read(1150) " fcode="read"/>
<opset="weight_V_read/1 "/>
</bind>
</comp>

<comp id="176" class="1004" name="outputConv_V_read_read_fu_176">
<pin_list>
<pin id="177" dir="0" index="0" bw="32" slack="0"/>
<pin id="178" dir="0" index="1" bw="32" slack="0"/>
<pin id="179" dir="1" index="2" bw="32" slack="1"/>
</pin_list>
<bind>
<opcode="read(1150) " fcode="read"/>
<opset="outputConv_V_read/1 "/>
</bind>
</comp>

<comp id="182" class="1004" name="input_V_read_read_fu_182">
<pin_list>
<pin id="183" dir="0" index="0" bw="32" slack="0"/>
<pin id="184" dir="0" index="1" bw="32" slack="0"/>
<pin id="185" dir="1" index="2" bw="32" slack="1"/>
</pin_list>
<bind>
<opcode="read(1150) " fcode="read"/>
<opset="input_V_read/1 "/>
</bind>
</comp>

<comp id="188" class="1004" name="grp_dense_fu_188">
<pin_list>
<pin id="189" dir="0" index="0" bw="0" slack="0"/>
<pin id="190" dir="0" index="1" bw="8" slack="0"/>
<pin id="191" dir="0" index="2" bw="32" slack="9"/>
<pin id="192" dir="0" index="3" bw="32" slack="9"/>
<pin id="193" dir="0" index="4" bw="32" slack="9"/>
<pin id="194" dir="0" index="5" bw="32" slack="9"/>
<pin id="195" dir="1" index="6" bw="0" slack="2147483647"/>
</pin_list>
<bind>
<opcode="call(48) " fcode="call"/>
<opset="call_ln46/10 "/>
</bind>
</comp>

<comp id="198" class="1004" name="grp_conv2_fu_198">
<pin_list>
<pin id="199" dir="0" index="0" bw="0" slack="0"/>
<pin id="200" dir="0" index="1" bw="8" slack="0"/>
<pin id="201" dir="0" index="2" bw="32" slack="5"/>
<pin id="202" dir="0" index="3" bw="32" slack="5"/>
<pin id="203" dir="0" index="4" bw="32" slack="5"/>
<pin id="204" dir="0" index="5" bw="32" slack="5"/>
<pin id="205" dir="1" index="6" bw="0" slack="2147483647"/>
</pin_list>
<bind>
<opcode="call(48) " fcode="call"/>
<opset="call_ln43/6 "/>
</bind>
</comp>

<comp id="208" class="1004" name="grp_conv1_fu_208">
<pin_list>
<pin id="209" dir="0" index="0" bw="0" slack="0"/>
<pin id="210" dir="0" index="1" bw="8" slack="0"/>
<pin id="211" dir="0" index="2" bw="32" slack="1"/>
<pin id="212" dir="0" index="3" bw="32" slack="1"/>
<pin id="213" dir="0" index="4" bw="32" slack="1"/>
<pin id="214" dir="0" index="5" bw="32" slack="1"/>
<pin id="215" dir="1" index="6" bw="0" slack="2147483647"/>
</pin_list>
<bind>
<opcode="call(48) " fcode="call"/>
<opset="call_ln40/2 "/>
</bind>
</comp>

<comp id="218" class="1004" name="grp_pool_fu_218">
<pin_list>
<pin id="219" dir="0" index="0" bw="0" slack="0"/>
<pin id="220" dir="0" index="1" bw="8" slack="0"/>
<pin id="221" dir="0" index="2" bw="32" slack="3"/>
<pin id="222" dir="0" index="3" bw="32" slack="3"/>
<pin id="223" dir="0" index="4" bw="6" slack="0"/>
<pin id="224" dir="0" index="5" bw="6" slack="0"/>
<pin id="225" dir="0" index="6" bw="6" slack="0"/>
<pin id="226" dir="1" index="7" bw="0" slack="2147483647"/>
</pin_list>
<bind>
<opcode="call(48) " fcode="call"/>
<opset="call_ln41/4 call_ln44/8 "/>
</bind>
</comp>

<comp id="235" class="1005" name="fcBias_V_read_reg_235">
<pin_list>
<pin id="236" dir="0" index="0" bw="32" slack="9"/>
<pin id="237" dir="1" index="1" bw="32" slack="9"/>
</pin_list>
<bind>
<opset="fcBias_V_read "/>
</bind>
</comp>

<comp id="240" class="1005" name="fcWeight_V_read_reg_240">
<pin_list>
<pin id="241" dir="0" index="0" bw="32" slack="9"/>
<pin id="242" dir="1" index="1" bw="32" slack="9"/>
</pin_list>
<bind>
<opset="fcWeight_V_read "/>
</bind>
</comp>

<comp id="245" class="1005" name="outputDense_V_read_reg_245">
<pin_list>
<pin id="246" dir="0" index="0" bw="32" slack="9"/>
<pin id="247" dir="1" index="1" bw="32" slack="9"/>
</pin_list>
<bind>
<opset="outputDense_V_read "/>
</bind>
</comp>

<comp id="250" class="1005" name="outputPool2_V_read_reg_250">
<pin_list>
<pin id="251" dir="0" index="0" bw="32" slack="7"/>
<pin id="252" dir="1" index="1" bw="32" slack="7"/>
</pin_list>
<bind>
<opset="outputPool2_V_read "/>
</bind>
</comp>

<comp id="256" class="1005" name="outputConv2_V_read_reg_256">
<pin_list>
<pin id="257" dir="0" index="0" bw="32" slack="5"/>
<pin id="258" dir="1" index="1" bw="32" slack="5"/>
</pin_list>
<bind>
<opset="outputConv2_V_read "/>
</bind>
</comp>

<comp id="262" class="1005" name="bias2_V_read_reg_262">
<pin_list>
<pin id="263" dir="0" index="0" bw="32" slack="5"/>
<pin id="264" dir="1" index="1" bw="32" slack="5"/>
</pin_list>
<bind>
<opset="bias2_V_read "/>
</bind>
</comp>

<comp id="267" class="1005" name="weight2_V_read_reg_267">
<pin_list>
<pin id="268" dir="0" index="0" bw="32" slack="5"/>
<pin id="269" dir="1" index="1" bw="32" slack="5"/>
</pin_list>
<bind>
<opset="weight2_V_read "/>
</bind>
</comp>

<comp id="272" class="1005" name="outputPool_V_read_reg_272">
<pin_list>
<pin id="273" dir="0" index="0" bw="32" slack="3"/>
<pin id="274" dir="1" index="1" bw="32" slack="3"/>
</pin_list>
<bind>
<opset="outputPool_V_read "/>
</bind>
</comp>

<comp id="278" class="1005" name="bias_V_read_reg_278">
<pin_list>
<pin id="279" dir="0" index="0" bw="32" slack="1"/>
<pin id="280" dir="1" index="1" bw="32" slack="1"/>
</pin_list>
<bind>
<opset="bias_V_read "/>
</bind>
</comp>

<comp id="283" class="1005" name="weight_V_read_reg_283">
<pin_list>
<pin id="284" dir="0" index="0" bw="32" slack="1"/>
<pin id="285" dir="1" index="1" bw="32" slack="1"/>
</pin_list>
<bind>
<opset="weight_V_read "/>
</bind>
</comp>

<comp id="288" class="1005" name="outputConv_V_read_reg_288">
<pin_list>
<pin id="289" dir="0" index="0" bw="32" slack="1"/>
<pin id="290" dir="1" index="1" bw="32" slack="1"/>
</pin_list>
<bind>
<opset="outputConv_V_read "/>
</bind>
</comp>

<comp id="294" class="1005" name="input_V_read_reg_294">
<pin_list>
<pin id="295" dir="0" index="0" bw="32" slack="1"/>
<pin id="296" dir="1" index="1" bw="32" slack="1"/>
</pin_list>
<bind>
<opset="input_V_read "/>
</bind>
</comp>

</comp_list>

<net_list>
<net id="120"><net_src comp="26" pin="0"/><net_sink comp="116" pin=0"/></net>

<net id="121"><net_src comp="24" pin="0"/><net_sink comp="116" pin=1"/></net>

<net id="126"><net_src comp="26" pin="0"/><net_sink comp="122" pin=0"/></net>

<net id="127"><net_src comp="22" pin="0"/><net_sink comp="122" pin=1"/></net>

<net id="132"><net_src comp="26" pin="0"/><net_sink comp="128" pin=0"/></net>

<net id="133"><net_src comp="20" pin="0"/><net_sink comp="128" pin=1"/></net>

<net id="138"><net_src comp="26" pin="0"/><net_sink comp="134" pin=0"/></net>

<net id="139"><net_src comp="18" pin="0"/><net_sink comp="134" pin=1"/></net>

<net id="144"><net_src comp="26" pin="0"/><net_sink comp="140" pin=0"/></net>

<net id="145"><net_src comp="16" pin="0"/><net_sink comp="140" pin=1"/></net>

<net id="150"><net_src comp="26" pin="0"/><net_sink comp="146" pin=0"/></net>

<net id="151"><net_src comp="14" pin="0"/><net_sink comp="146" pin=1"/></net>

<net id="156"><net_src comp="26" pin="0"/><net_sink comp="152" pin=0"/></net>

<net id="157"><net_src comp="12" pin="0"/><net_sink comp="152" pin=1"/></net>

<net id="162"><net_src comp="26" pin="0"/><net_sink comp="158" pin=0"/></net>

<net id="163"><net_src comp="10" pin="0"/><net_sink comp="158" pin=1"/></net>

<net id="168"><net_src comp="26" pin="0"/><net_sink comp="164" pin=0"/></net>

<net id="169"><net_src comp="8" pin="0"/><net_sink comp="164" pin=1"/></net>

<net id="174"><net_src comp="26" pin="0"/><net_sink comp="170" pin=0"/></net>

<net id="175"><net_src comp="6" pin="0"/><net_sink comp="170" pin=1"/></net>

<net id="180"><net_src comp="26" pin="0"/><net_sink comp="176" pin=0"/></net>

<net id="181"><net_src comp="4" pin="0"/><net_sink comp="176" pin=1"/></net>

<net id="186"><net_src comp="26" pin="0"/><net_sink comp="182" pin=0"/></net>

<net id="187"><net_src comp="2" pin="0"/><net_sink comp="182" pin=1"/></net>

<net id="196"><net_src comp="42" pin="0"/><net_sink comp="188" pin=0"/></net>

<net id="197"><net_src comp="0" pin="0"/><net_sink comp="188" pin=1"/></net>

<net id="206"><net_src comp="36" pin="0"/><net_sink comp="198" pin=0"/></net>

<net id="207"><net_src comp="0" pin="0"/><net_sink comp="198" pin=1"/></net>

<net id="216"><net_src comp="28" pin="0"/><net_sink comp="208" pin=0"/></net>

<net id="217"><net_src comp="0" pin="0"/><net_sink comp="208" pin=1"/></net>

<net id="227"><net_src comp="30" pin="0"/><net_sink comp="218" pin=0"/></net>

<net id="228"><net_src comp="0" pin="0"/><net_sink comp="218" pin=1"/></net>

<net id="229"><net_src comp="32" pin="0"/><net_sink comp="218" pin=4"/></net>

<net id="230"><net_src comp="34" pin="0"/><net_sink comp="218" pin=5"/></net>

<net id="231"><net_src comp="34" pin="0"/><net_sink comp="218" pin=6"/></net>

<net id="232"><net_src comp="38" pin="0"/><net_sink comp="218" pin=4"/></net>

<net id="233"><net_src comp="40" pin="0"/><net_sink comp="218" pin=5"/></net>

<net id="234"><net_src comp="40" pin="0"/><net_sink comp="218" pin=6"/></net>

<net id="238"><net_src comp="116" pin="2"/><net_sink comp="235" pin=0"/></net>

<net id="239"><net_src comp="235" pin="1"/><net_sink comp="188" pin=5"/></net>

<net id="243"><net_src comp="122" pin="2"/><net_sink comp="240" pin=0"/></net>

<net id="244"><net_src comp="240" pin="1"/><net_sink comp="188" pin=4"/></net>

<net id="248"><net_src comp="128" pin="2"/><net_sink comp="245" pin=0"/></net>

<net id="249"><net_src comp="245" pin="1"/><net_sink comp="188" pin=3"/></net>

<net id="253"><net_src comp="134" pin="2"/><net_sink comp="250" pin=0"/></net>

<net id="254"><net_src comp="250" pin="1"/><net_sink comp="218" pin=3"/></net>

<net id="255"><net_src comp="250" pin="1"/><net_sink comp="188" pin=2"/></net>

<net id="259"><net_src comp="140" pin="2"/><net_sink comp="256" pin=0"/></net>

<net id="260"><net_src comp="256" pin="1"/><net_sink comp="198" pin=3"/></net>

<net id="261"><net_src comp="256" pin="1"/><net_sink comp="218" pin=2"/></net>

<net id="265"><net_src comp="146" pin="2"/><net_sink comp="262" pin=0"/></net>

<net id="266"><net_src comp="262" pin="1"/><net_sink comp="198" pin=5"/></net>

<net id="270"><net_src comp="152" pin="2"/><net_sink comp="267" pin=0"/></net>

<net id="271"><net_src comp="267" pin="1"/><net_sink comp="198" pin=4"/></net>

<net id="275"><net_src comp="158" pin="2"/><net_sink comp="272" pin=0"/></net>

<net id="276"><net_src comp="272" pin="1"/><net_sink comp="218" pin=3"/></net>

<net id="277"><net_src comp="272" pin="1"/><net_sink comp="198" pin=2"/></net>

<net id="281"><net_src comp="164" pin="2"/><net_sink comp="278" pin=0"/></net>

<net id="282"><net_src comp="278" pin="1"/><net_sink comp="208" pin=5"/></net>

<net id="286"><net_src comp="170" pin="2"/><net_sink comp="283" pin=0"/></net>

<net id="287"><net_src comp="283" pin="1"/><net_sink comp="208" pin=4"/></net>

<net id="291"><net_src comp="176" pin="2"/><net_sink comp="288" pin=0"/></net>

<net id="292"><net_src comp="288" pin="1"/><net_sink comp="208" pin=3"/></net>

<net id="293"><net_src comp="288" pin="1"/><net_sink comp="218" pin=2"/></net>

<net id="297"><net_src comp="182" pin="2"/><net_sink comp="294" pin=0"/></net>

<net id="298"><net_src comp="294" pin="1"/><net_sink comp="208" pin=2"/></net>

</net_list>

</model> 
---------------- Datapath Model END ------------------

* FSMD analyzer results:
  - Output states:
	Port: gmem | {2 3 4 5 6 7 8 9 10 11 }
 - Input state : 
	Port: top : gmem | {2 3 4 5 6 7 8 9 10 11 }
	Port: top : input_V | {1 }
	Port: top : outputConv_V | {1 }
	Port: top : weight_V | {1 }
	Port: top : bias_V | {1 }
	Port: top : outputPool_V | {1 }
	Port: top : weight2_V | {1 }
	Port: top : bias2_V | {1 }
	Port: top : outputConv2_V | {1 }
	Port: top : outputPool2_V | {1 }
	Port: top : outputDense_V | {1 }
	Port: top : fcWeight_V | {1 }
	Port: top : fcBias_V | {1 }
  - Chain level:
	State 1
	State 2
	State 3
	State 4
	State 5
	State 6
	State 7
	State 8
	State 9
	State 10
	State 11


============================================================
+ Verbose Summary: Datapath Resource usage 
============================================================

* Functional unit list:
|----------|--------------------------------|---------|---------|---------|---------|---------|---------|
| Operation|         Functional Unit        |   BRAM  |  DSP48E |  Delay  |    FF   |   LUT   |   URAM  |
|----------|--------------------------------|---------|---------|---------|---------|---------|---------|
|          |        grp_dense_fu_188        |    8    |    0    | 132.866 |   3729  |  15506  |    0    |
|   call   |        grp_conv2_fu_198        |    1    |    0    | 8.70065 |   4186  |  11019  |    0    |
|          |        grp_conv1_fu_208        |    1    |    0    |  7.6065 |   990   |   2124  |    0    |
|          |         grp_pool_fu_218        |    0    |    0    |  3.538  |   419   |   830   |    0    |
|----------|--------------------------------|---------|---------|---------|---------|---------|---------|
|          |    fcBias_V_read_read_fu_116   |    0    |    0    |    0    |    0    |    0    |    0    |
|          |   fcWeight_V_read_read_fu_122  |    0    |    0    |    0    |    0    |    0    |    0    |
|          | outputDense_V_read_read_fu_128 |    0    |    0    |    0    |    0    |    0    |    0    |
|          | outputPool2_V_read_read_fu_134 |    0    |    0    |    0    |    0    |    0    |    0    |
|          | outputConv2_V_read_read_fu_140 |    0    |    0    |    0    |    0    |    0    |    0    |
|   read   |    bias2_V_read_read_fu_146    |    0    |    0    |    0    |    0    |    0    |    0    |
|          |   weight2_V_read_read_fu_152   |    0    |    0    |    0    |    0    |    0    |    0    |
|          |  outputPool_V_read_read_fu_158 |    0    |    0    |    0    |    0    |    0    |    0    |
|          |     bias_V_read_read_fu_164    |    0    |    0    |    0    |    0    |    0    |    0    |
|          |    weight_V_read_read_fu_170   |    0    |    0    |    0    |    0    |    0    |    0    |
|          |  outputConv_V_read_read_fu_176 |    0    |    0    |    0    |    0    |    0    |    0    |
|          |    input_V_read_read_fu_182    |    0    |    0    |    0    |    0    |    0    |    0    |
|----------|--------------------------------|---------|---------|---------|---------|---------|---------|
|   Total  |                                |    10   |    0    | 152.712 |   9324  |  29479  |    0    |
|----------|--------------------------------|---------|---------|---------|---------|---------|---------|

Memories:
N/A

* Register list:
+--------------------------+--------+
|                          |   FF   |
+--------------------------+--------+
|   bias2_V_read_reg_262   |   32   |
|    bias_V_read_reg_278   |   32   |
|   fcBias_V_read_reg_235  |   32   |
|  fcWeight_V_read_reg_240 |   32   |
|   input_V_read_reg_294   |   32   |
|outputConv2_V_read_reg_256|   32   |
| outputConv_V_read_reg_288|   32   |
|outputDense_V_read_reg_245|   32   |
|outputPool2_V_read_reg_250|   32   |
| outputPool_V_read_reg_272|   32   |
|  weight2_V_read_reg_267  |   32   |
|   weight_V_read_reg_283  |   32   |
+--------------------------+--------+
|           Total          |   384  |
+--------------------------+--------+

* Multiplexer (MUX) list: 
|-----------------|------|------|------|--------||---------||---------|
|       Comp      |  Pin | Size |  BW  | S x BW ||  Delay  ||   LUT   |
|-----------------|------|------|------|--------||---------||---------|
| grp_pool_fu_218 |  p2  |   2  |  32  |   64   ||    9    |
| grp_pool_fu_218 |  p3  |   2  |  32  |   64   ||    9    |
| grp_pool_fu_218 |  p4  |   2  |   6  |   12   |
| grp_pool_fu_218 |  p5  |   2  |   6  |   12   |
| grp_pool_fu_218 |  p6  |   2  |   6  |   12   |
|-----------------|------|------|------|--------||---------||---------|
|      Total      |      |      |      |   164  ||  8.845  ||    18   |
|-----------------|------|------|------|--------||---------||---------|



* Summary:
+-----------+--------+--------+--------+--------+--------+--------+
|           |  BRAM  | DSP48E |  Delay |   FF   |   LUT  |  URAM  |
+-----------+--------+--------+--------+--------+--------+--------+
|  Function |   10   |    0   |   152  |  9324  |  29479 |    0   |
|   Memory  |    -   |    -   |    -   |    -   |    -   |    -   |
|Multiplexer|    -   |    -   |    8   |    -   |   18   |    -   |
|  Register |    -   |    -   |    -   |   384  |    -   |    -   |
+-----------+--------+--------+--------+--------+--------+--------+
|   Total   |   10   |    0   |   161  |  9708  |  29497 |    0   |
+-----------+--------+--------+--------+--------+--------+--------+
