xilinx rtfpga
rt::do_reinfer_area_combined 0
INFO: [Synth 8-5542] Attribute ram_style/rom_style = distributed specified for ROM  "p_0_out". This will be implemented in logic
WARNING: [Synth 8-3917] design load_kernels__GB2 has port P[2] driven by constant 0
WARNING: [Synth 8-3917] design load_kernels__GB2 has port P[1] driven by constant 0
WARNING: [Synth 8-3917] design load_kernels__GB2 has port P[0] driven by constant 0
INFO: [Synth 8-3886] merging instance 'kernel_reg[7][5][3]' (FDCE) to 'kernel_reg[7][5][4]'
INFO: [Synth 8-3886] merging instance 'kernel_reg[7][5][4]' (FDCE) to 'kernel_reg[7][5][5]'
INFO: [Synth 8-3886] merging instance 'kernel_reg[7][5][5]' (FDCE) to 'kernel_reg[7][5][6]'
INFO: [Synth 8-3886] merging instance 'kernel_reg[7][5][6]' (FDCE) to 'kernel_reg[7][5][7]'
INFO: [Synth 8-3886] merging instance 'kernel_reg[15][6][3]' (FDCE) to 'kernel_reg[15][6][4]'
INFO: [Synth 8-3886] merging instance 'kernel_reg[15][6][4]' (FDCE) to 'kernel_reg[15][6][5]'
INFO: [Synth 8-3886] merging instance 'kernel_reg[15][6][5]' (FDCE) to 'kernel_reg[15][6][6]'
INFO: [Synth 8-3886] merging instance 'kernel_reg[15][6][6]' (FDCE) to 'kernel_reg[15][6][7]'
INFO: [Synth 8-3886] merging instance 'kernel_reg[15][5][3]' (FDCE) to 'kernel_reg[15][5][4]'
INFO: [Synth 8-3886] merging instance 'kernel_reg[15][5][4]' (FDCE) to 'kernel_reg[15][5][5]'
INFO: [Synth 8-3886] merging instance 'kernel_reg[15][5][5]' (FDCE) to 'kernel_reg[15][5][6]'
INFO: [Synth 8-3886] merging instance 'kernel_reg[15][5][6]' (FDCE) to 'kernel_reg[15][5][7]'
INFO: [Synth 8-3886] merging instance 'kernel_reg[15][4][3]' (FDCE) to 'kernel_reg[15][4][4]'
INFO: [Synth 8-3886] merging instance 'kernel_reg[15][4][4]' (FDCE) to 'kernel_reg[15][4][5]'
INFO: [Synth 8-3886] merging instance 'kernel_reg[15][4][5]' (FDCE) to 'kernel_reg[15][4][6]'
INFO: [Synth 8-3886] merging instance 'kernel_reg[15][4][6]' (FDCE) to 'kernel_reg[15][4][7]'
INFO: [Synth 8-3886] merging instance 'kernel_reg[15][3][3]' (FDCE) to 'kernel_reg[15][3][4]'
INFO: [Synth 8-3886] merging instance 'kernel_reg[15][3][4]' (FDCE) to 'kernel_reg[15][3][5]'
INFO: [Synth 8-3886] merging instance 'kernel_reg[15][3][5]' (FDCE) to 'kernel_reg[15][3][6]'
INFO: [Synth 8-3886] merging instance 'kernel_reg[15][3][6]' (FDCE) to 'kernel_reg[15][3][7]'
INFO: [Synth 8-3886] merging instance 'kernel_reg[15][2][3]' (FDCE) to 'kernel_reg[15][2][4]'
INFO: [Synth 8-3886] merging instance 'kernel_reg[15][2][4]' (FDCE) to 'kernel_reg[15][2][5]'
INFO: [Synth 8-3886] merging instance 'kernel_reg[15][2][5]' (FDCE) to 'kernel_reg[15][2][6]'
INFO: [Synth 8-3886] merging instance 'kernel_reg[15][2][6]' (FDCE) to 'kernel_reg[15][2][7]'
INFO: [Synth 8-3886] merging instance 'kernel_reg[15][1][3]' (FDCE) to 'kernel_reg[15][1][4]'
INFO: [Synth 8-3886] merging instance 'kernel_reg[15][1][4]' (FDCE) to 'kernel_reg[15][1][5]'
INFO: [Synth 8-3886] merging instance 'kernel_reg[15][1][5]' (FDCE) to 'kernel_reg[15][1][6]'
INFO: [Synth 8-3886] merging instance 'kernel_reg[15][1][6]' (FDCE) to 'kernel_reg[15][1][7]'
INFO: [Synth 8-3886] merging instance 'kernel_reg[15][0][3]' (FDCE) to 'kernel_reg[15][0][4]'
INFO: [Synth 8-3886] merging instance 'kernel_reg[15][0][4]' (FDCE) to 'kernel_reg[15][0][5]'
INFO: [Synth 8-3886] merging instance 'kernel_reg[15][0][5]' (FDCE) to 'kernel_reg[15][0][6]'
INFO: [Synth 8-3886] merging instance 'kernel_reg[15][0][6]' (FDCE) to 'kernel_reg[15][0][7]'
INFO: [Synth 8-3886] merging instance 'kernel_reg[14][8][3]' (FDCE) to 'kernel_reg[14][8][4]'
INFO: [Synth 8-3886] merging instance 'kernel_reg[14][8][4]' (FDCE) to 'kernel_reg[14][8][5]'
INFO: [Synth 8-3886] merging instance 'kernel_reg[14][8][5]' (FDCE) to 'kernel_reg[14][8][6]'
INFO: [Synth 8-3886] merging instance 'kernel_reg[14][8][6]' (FDCE) to 'kernel_reg[14][8][7]'
INFO: [Synth 8-3886] merging instance 'kernel_reg[14][7][3]' (FDCE) to 'kernel_reg[14][7][4]'
INFO: [Synth 8-3886] merging instance 'kernel_reg[14][7][4]' (FDCE) to 'kernel_reg[14][7][5]'
INFO: [Synth 8-3886] merging instance 'kernel_reg[14][7][5]' (FDCE) to 'kernel_reg[14][7][6]'
INFO: [Synth 8-3886] merging instance 'kernel_reg[14][7][6]' (FDCE) to 'kernel_reg[14][7][7]'
INFO: [Synth 8-3886] merging instance 'kernel_reg[14][6][3]' (FDCE) to 'kernel_reg[14][6][4]'
INFO: [Synth 8-3886] merging instance 'kernel_reg[14][6][4]' (FDCE) to 'kernel_reg[14][6][5]'
INFO: [Synth 8-3886] merging instance 'kernel_reg[14][6][5]' (FDCE) to 'kernel_reg[14][6][6]'
INFO: [Synth 8-3886] merging instance 'kernel_reg[14][6][6]' (FDCE) to 'kernel_reg[14][6][7]'
INFO: [Synth 8-3886] merging instance 'kernel_reg[14][5][3]' (FDCE) to 'kernel_reg[14][5][4]'
INFO: [Synth 8-3886] merging instance 'kernel_reg[14][5][4]' (FDCE) to 'kernel_reg[14][5][5]'
INFO: [Synth 8-3886] merging instance 'kernel_reg[14][5][5]' (FDCE) to 'kernel_reg[14][5][6]'
INFO: [Synth 8-3886] merging instance 'kernel_reg[14][5][6]' (FDCE) to 'kernel_reg[14][5][7]'
INFO: [Synth 8-3886] merging instance 'kernel_reg[14][4][3]' (FDCE) to 'kernel_reg[14][4][4]'
INFO: [Synth 8-3886] merging instance 'kernel_reg[14][4][4]' (FDCE) to 'kernel_reg[14][4][5]'
INFO: [Synth 8-3886] merging instance 'kernel_reg[14][4][5]' (FDCE) to 'kernel_reg[14][4][6]'
INFO: [Synth 8-3886] merging instance 'kernel_reg[14][4][6]' (FDCE) to 'kernel_reg[14][4][7]'
INFO: [Synth 8-3886] merging instance 'kernel_reg[14][3][3]' (FDCE) to 'kernel_reg[14][3][4]'
INFO: [Synth 8-3886] merging instance 'kernel_reg[14][3][4]' (FDCE) to 'kernel_reg[14][3][5]'
INFO: [Synth 8-3886] merging instance 'kernel_reg[14][3][5]' (FDCE) to 'kernel_reg[14][3][6]'
INFO: [Synth 8-3886] merging instance 'kernel_reg[14][3][6]' (FDCE) to 'kernel_reg[14][3][7]'
INFO: [Synth 8-3886] merging instance 'kernel_reg[14][2][3]' (FDCE) to 'kernel_reg[14][2][4]'
INFO: [Synth 8-3886] merging instance 'kernel_reg[14][2][4]' (FDCE) to 'kernel_reg[14][2][5]'
INFO: [Synth 8-3886] merging instance 'kernel_reg[14][2][5]' (FDCE) to 'kernel_reg[14][2][6]'
INFO: [Synth 8-3886] merging instance 'kernel_reg[14][2][6]' (FDCE) to 'kernel_reg[14][2][7]'
INFO: [Synth 8-3886] merging instance 'kernel_reg[14][1][3]' (FDCE) to 'kernel_reg[14][1][4]'
INFO: [Synth 8-3886] merging instance 'kernel_reg[14][1][4]' (FDCE) to 'kernel_reg[14][1][5]'
INFO: [Synth 8-3886] merging instance 'kernel_reg[14][1][5]' (FDCE) to 'kernel_reg[14][1][6]'
INFO: [Synth 8-3886] merging instance 'kernel_reg[14][1][6]' (FDCE) to 'kernel_reg[14][1][7]'
INFO: [Synth 8-3886] merging instance 'kernel_reg[14][0][3]' (FDCE) to 'kernel_reg[14][0][4]'
INFO: [Synth 8-3886] merging instance 'kernel_reg[14][0][4]' (FDCE) to 'kernel_reg[14][0][5]'
INFO: [Synth 8-3886] merging instance 'kernel_reg[14][0][5]' (FDCE) to 'kernel_reg[14][0][6]'
INFO: [Synth 8-3886] merging instance 'kernel_reg[14][0][6]' (FDCE) to 'kernel_reg[14][0][7]'
INFO: [Synth 8-3886] merging instance 'kernel_reg[13][8][3]' (FDCE) to 'kernel_reg[13][8][4]'
INFO: [Synth 8-3886] merging instance 'kernel_reg[13][8][4]' (FDCE) to 'kernel_reg[13][8][5]'
INFO: [Synth 8-3886] merging instance 'kernel_reg[13][8][5]' (FDCE) to 'kernel_reg[13][8][6]'
INFO: [Synth 8-3886] merging instance 'kernel_reg[13][8][6]' (FDCE) to 'kernel_reg[13][8][7]'
INFO: [Synth 8-3886] merging instance 'kernel_reg[13][7][3]' (FDCE) to 'kernel_reg[13][7][4]'
INFO: [Synth 8-3886] merging instance 'kernel_reg[13][7][4]' (FDCE) to 'kernel_reg[13][7][5]'
INFO: [Synth 8-3886] merging instance 'kernel_reg[13][7][5]' (FDCE) to 'kernel_reg[13][7][6]'
INFO: [Synth 8-3886] merging instance 'kernel_reg[13][7][6]' (FDCE) to 'kernel_reg[13][7][7]'
INFO: [Synth 8-3886] merging instance 'kernel_reg[13][6][3]' (FDCE) to 'kernel_reg[13][6][4]'
INFO: [Synth 8-3886] merging instance 'kernel_reg[13][6][4]' (FDCE) to 'kernel_reg[13][6][5]'
INFO: [Synth 8-3886] merging instance 'kernel_reg[13][6][5]' (FDCE) to 'kernel_reg[13][6][6]'
INFO: [Synth 8-3886] merging instance 'kernel_reg[13][6][6]' (FDCE) to 'kernel_reg[13][6][7]'
INFO: [Synth 8-3886] merging instance 'kernel_reg[13][5][3]' (FDCE) to 'kernel_reg[13][5][4]'
INFO: [Synth 8-3886] merging instance 'kernel_reg[13][5][4]' (FDCE) to 'kernel_reg[13][5][5]'
INFO: [Synth 8-3886] merging instance 'kernel_reg[13][5][5]' (FDCE) to 'kernel_reg[13][5][6]'
INFO: [Synth 8-3886] merging instance 'kernel_reg[13][5][6]' (FDCE) to 'kernel_reg[13][5][7]'
INFO: [Synth 8-3886] merging instance 'kernel_reg[13][4][3]' (FDCE) to 'kernel_reg[13][4][4]'
INFO: [Synth 8-3886] merging instance 'kernel_reg[13][4][4]' (FDCE) to 'kernel_reg[13][4][5]'
INFO: [Synth 8-3886] merging instance 'kernel_reg[13][4][5]' (FDCE) to 'kernel_reg[13][4][6]'
INFO: [Synth 8-3886] merging instance 'kernel_reg[13][4][6]' (FDCE) to 'kernel_reg[13][4][7]'
INFO: [Synth 8-3886] merging instance 'kernel_reg[13][3][3]' (FDCE) to 'kernel_reg[13][3][4]'
INFO: [Synth 8-3886] merging instance 'kernel_reg[13][3][4]' (FDCE) to 'kernel_reg[13][3][5]'
INFO: [Synth 8-3886] merging instance 'kernel_reg[13][3][5]' (FDCE) to 'kernel_reg[13][3][6]'
INFO: [Synth 8-3886] merging instance 'kernel_reg[13][3][6]' (FDCE) to 'kernel_reg[13][3][7]'
INFO: [Synth 8-3886] merging instance 'kernel_reg[13][2][3]' (FDCE) to 'kernel_reg[13][2][4]'
INFO: [Synth 8-3886] merging instance 'kernel_reg[13][2][4]' (FDCE) to 'kernel_reg[13][2][5]'
INFO: [Synth 8-3886] merging instance 'kernel_reg[13][2][5]' (FDCE) to 'kernel_reg[13][2][6]'
INFO: [Synth 8-3886] merging instance 'kernel_reg[13][2][6]' (FDCE) to 'kernel_reg[13][2][7]'
INFO: [Synth 8-3886] merging instance 'kernel_reg[13][1][3]' (FDCE) to 'kernel_reg[13][1][4]'
INFO: [Synth 8-3886] merging instance 'kernel_reg[13][1][4]' (FDCE) to 'kernel_reg[13][1][5]'
INFO: [Synth 8-3886] merging instance 'kernel_reg[13][1][5]' (FDCE) to 'kernel_reg[13][1][6]'
INFO: [Synth 8-3886] merging instance 'kernel_reg[13][1][6]' (FDCE) to 'kernel_reg[13][1][7]'
INFO: [Common 17-14] Message 'Synth 8-3886' appears 100 times and further instances of the messages will be disabled. Use the Tcl command set_msg_config to change the current settings.
