
*** Running vivado
    with args -log top.vds -m64 -product Vivado -mode batch -messageDb vivado.pb -notrace -source top.tcl



****** Vivado v2020.1 (64-bit)
  **** SW Build 2902540 on Wed May 27 19:54:49 MDT 2020
  **** IP Build 2902112 on Wed May 27 22:43:36 MDT 2020
    ** Copyright 1986-2020 Xilinx, Inc. All Rights Reserved.

source top.tcl -notrace
Command: synth_design -top top -part xc7z020clg484-1
Starting synth_design
Attempting to get a license for feature 'Synthesis' and/or device 'xc7z020'
INFO: [Common 17-349] Got license for feature 'Synthesis' and/or device 'xc7z020'
INFO: [Device 21-403] Loading part xc7z020clg484-1
INFO: [Synth 8-7079] Multithreading enabled for synth_design using a maximum of 2 processes.
INFO: [Synth 8-7078] Launching helper process for spawning children vivado processes
INFO: [Synth 8-7075] Helper process launched with PID 16352
---------------------------------------------------------------------------------
Starting RTL Elaboration : Time (s): cpu = 00:00:07 ; elapsed = 00:00:07 . Memory (MB): peak = 1029.367 ; gain = 0.000
---------------------------------------------------------------------------------
INFO: [Synth 8-6157] synthesizing module 'top' [C:/Users/Noman Traders/Desktop/habib/STRP/OLED-driver/OLED-driver.srcs/sources_1/new/top.v:1]
	Parameter StringLen bound to: 11 - type: integer 
	Parameter IDLE bound to: 0 - type: integer 
	Parameter SEND bound to: 1 - type: integer 
	Parameter DONE bound to: 2 - type: integer 
INFO: [Synth 8-155] case statement is not full and has no default [C:/Users/Noman Traders/Desktop/habib/STRP/OLED-driver/OLED-driver.srcs/sources_1/new/top.v:60]
INFO: [Synth 8-6157] synthesizing module 'OLED_control' [C:/Users/Noman Traders/Desktop/habib/STRP/OLED-driver/OLED-driver.srcs/sources_1/new/OLED_control.v:5]
	Parameter IDLE bound to: 0 - type: integer 
	Parameter DELAY bound to: 1 - type: integer 
	Parameter INIT bound to: 32'b00000000000000000000000000000010 
	Parameter RESET bound to: 3 - type: integer 
	Parameter CHRG_PUMP bound to: 4 - type: integer 
	Parameter CHRG_PUMP1 bound to: 5 - type: integer 
	Parameter WAIT_SPI bound to: 6 - type: integer 
	Parameter PRE_CHRG bound to: 7 - type: integer 
	Parameter PRE_CHRG1 bound to: 8 - type: integer 
	Parameter VBAT_ON bound to: 9 - type: integer 
	Parameter CONTRAST bound to: 10 - type: integer 
	Parameter CONTRAST1 bound to: 11 - type: integer 
	Parameter SEG_REMAP bound to: 12 - type: integer 
	Parameter SCAN_DIR bound to: 13 - type: integer 
	Parameter COM_PIN bound to: 14 - type: integer 
	Parameter COM_PIN1 bound to: 15 - type: integer 
	Parameter DISPLAY_ON bound to: 16 - type: integer 
	Parameter FULL_DISPLAY bound to: 17 - type: integer 
	Parameter CLEAR_SCREEN bound to: 24 - type: integer 
	Parameter DONE bound to: 18 - type: integer 
	Parameter PAGE_ADDR bound to: 19 - type: integer 
	Parameter PAGE_ADDR1 bound to: 20 - type: integer 
	Parameter PAGE_ADDR2 bound to: 21 - type: integer 
	Parameter COLUMN_ADDR bound to: 22 - type: integer 
	Parameter SEND_DATA bound to: 23 - type: integer 
INFO: [Synth 8-155] case statement is not full and has no default [C:/Users/Noman Traders/Desktop/habib/STRP/OLED-driver/OLED-driver.srcs/sources_1/new/OLED_control.v:83]
INFO: [Synth 8-6157] synthesizing module 'delay_generator' [C:/Users/Noman Traders/Desktop/habib/STRP/OLED-driver/OLED-driver.srcs/sources_1/new/delay_generator.v:23]
INFO: [Synth 8-6155] done synthesizing module 'delay_generator' (1#1) [C:/Users/Noman Traders/Desktop/habib/STRP/OLED-driver/OLED-driver.srcs/sources_1/new/delay_generator.v:23]
INFO: [Synth 8-6157] synthesizing module 'spi_control' [C:/Users/Noman Traders/Desktop/habib/STRP/OLED-driver/OLED-driver.srcs/sources_1/new/spi_control.v:21]
	Parameter IDLE bound to: 0 - type: integer 
	Parameter SEND bound to: 1 - type: integer 
	Parameter DONE bound to: 2 - type: integer 
INFO: [Synth 8-155] case statement is not full and has no default [C:/Users/Noman Traders/Desktop/habib/STRP/OLED-driver/OLED-driver.srcs/sources_1/new/spi_control.v:75]
INFO: [Synth 8-6155] done synthesizing module 'spi_control' (2#1) [C:/Users/Noman Traders/Desktop/habib/STRP/OLED-driver/OLED-driver.srcs/sources_1/new/spi_control.v:21]
INFO: [Synth 8-6157] synthesizing module 'char_ROM' [C:/Users/Noman Traders/Desktop/habib/STRP/OLED-driver/OLED-driver.srcs/sources_1/new/char_ROM.v:23]
INFO: [Synth 8-6155] done synthesizing module 'char_ROM' (3#1) [C:/Users/Noman Traders/Desktop/habib/STRP/OLED-driver/OLED-driver.srcs/sources_1/new/char_ROM.v:23]
INFO: [Synth 8-6155] done synthesizing module 'OLED_control' (4#1) [C:/Users/Noman Traders/Desktop/habib/STRP/OLED-driver/OLED-driver.srcs/sources_1/new/OLED_control.v:5]
WARNING: [Synth 8-689] width (8) of port connection 'sendData' does not match port width (7) of module 'OLED_control' [C:/Users/Noman Traders/Desktop/habib/STRP/OLED-driver/OLED-driver.srcs/sources_1/new/top.v:100]
INFO: [Synth 8-6155] done synthesizing module 'top' (5#1) [C:/Users/Noman Traders/Desktop/habib/STRP/OLED-driver/OLED-driver.srcs/sources_1/new/top.v:1]
---------------------------------------------------------------------------------
Finished RTL Elaboration : Time (s): cpu = 00:00:08 ; elapsed = 00:00:08 . Memory (MB): peak = 1029.367 ; gain = 0.000
---------------------------------------------------------------------------------
---------------------------------------------------------------------------------
Start Handling Custom Attributes
---------------------------------------------------------------------------------
---------------------------------------------------------------------------------
Finished Handling Custom Attributes : Time (s): cpu = 00:00:09 ; elapsed = 00:00:09 . Memory (MB): peak = 1029.367 ; gain = 0.000
---------------------------------------------------------------------------------
---------------------------------------------------------------------------------
Finished RTL Optimization Phase 1 : Time (s): cpu = 00:00:09 ; elapsed = 00:00:09 . Memory (MB): peak = 1029.367 ; gain = 0.000
---------------------------------------------------------------------------------
Netlist sorting complete. Time (s): cpu = 00:00:00 ; elapsed = 00:00:00.011 . Memory (MB): peak = 1029.367 ; gain = 0.000
INFO: [Project 1-570] Preparing netlist for logic optimization

Processing XDC Constraints
Initializing timing engine
Parsing XDC File [C:/Users/Noman Traders/Desktop/habib/STRP/OLED-driver/OLED-driver.srcs/constrs_1/new/OLED_control.xdc]
WARNING: [Vivado 12-584] No ports matched 'sendDone'. [C:/Users/Noman Traders/Desktop/habib/STRP/OLED-driver/OLED-driver.srcs/constrs_1/new/OLED_control.xdc:10]
CRITICAL WARNING: [Common 17-55] 'set_property' expects at least one object. [C:/Users/Noman Traders/Desktop/habib/STRP/OLED-driver/OLED-driver.srcs/constrs_1/new/OLED_control.xdc:10]
Resolution: If [get_<value>] was used to populate the object, check to make sure this command returns at least one valid object.
WARNING: [Vivado 12-584] No ports matched 'sendDone'. [C:/Users/Noman Traders/Desktop/habib/STRP/OLED-driver/OLED-driver.srcs/constrs_1/new/OLED_control.xdc:22]
CRITICAL WARNING: [Common 17-55] 'set_property' expects at least one object. [C:/Users/Noman Traders/Desktop/habib/STRP/OLED-driver/OLED-driver.srcs/constrs_1/new/OLED_control.xdc:22]
Resolution: If [get_<value>] was used to populate the object, check to make sure this command returns at least one valid object.
INFO: [Vivado 12-2286] Implicit search of objects for pattern 'clock' matched to 'port' objects. [C:/Users/Noman Traders/Desktop/habib/STRP/OLED-driver/OLED-driver.srcs/constrs_1/new/OLED_control.xdc:28]
Resolution: To avoid ambiguous patterns, provide proper objects using get commands e.g. [get_nets xyz].
Finished Parsing XDC File [C:/Users/Noman Traders/Desktop/habib/STRP/OLED-driver/OLED-driver.srcs/constrs_1/new/OLED_control.xdc]
INFO: [Project 1-236] Implementation specific constraints were found while reading constraint file [C:/Users/Noman Traders/Desktop/habib/STRP/OLED-driver/OLED-driver.srcs/constrs_1/new/OLED_control.xdc]. These constraints will be ignored for synthesis but will be used in implementation. Impacted constraints are listed in the file [.Xil/top_propImpl.xdc].
Resolution: To avoid this warning, move constraints listed in [.Xil/top_propImpl.xdc] to another XDC file and exclude this new file from synthesis with the used_in_synthesis property (File Properties dialog in GUI) and re-run elaboration/synthesis.
Completed Processing XDC Constraints

Netlist sorting complete. Time (s): cpu = 00:00:00 ; elapsed = 00:00:00 . Memory (MB): peak = 1090.098 ; gain = 0.000
INFO: [Project 1-111] Unisim Transformation Summary:
No Unisim elements were transformed.

Constraint Validation Runtime : Time (s): cpu = 00:00:00 ; elapsed = 00:00:00.006 . Memory (MB): peak = 1090.098 ; gain = 0.000
---------------------------------------------------------------------------------
Finished Constraint Validation : Time (s): cpu = 00:00:17 ; elapsed = 00:00:18 . Memory (MB): peak = 1090.098 ; gain = 60.730
---------------------------------------------------------------------------------
---------------------------------------------------------------------------------
Start Loading Part and Timing Information
---------------------------------------------------------------------------------
Loading part: xc7z020clg484-1
---------------------------------------------------------------------------------
Finished Loading Part and Timing Information : Time (s): cpu = 00:00:17 ; elapsed = 00:00:18 . Memory (MB): peak = 1090.098 ; gain = 60.730
---------------------------------------------------------------------------------
---------------------------------------------------------------------------------
Start Applying 'set_property' XDC Constraints
---------------------------------------------------------------------------------
---------------------------------------------------------------------------------
Finished applying 'set_property' XDC Constraints : Time (s): cpu = 00:00:17 ; elapsed = 00:00:18 . Memory (MB): peak = 1090.098 ; gain = 60.730
---------------------------------------------------------------------------------
INFO: [Synth 8-802] inferred FSM for state register 'state_reg' in module 'spi_control'
---------------------------------------------------------------------------------------------------
                   State |                     New Encoding |                Previous Encoding 
---------------------------------------------------------------------------------------------------
                    IDLE |                             0001 |                               00
                    SEND |                             0010 |                               01
                    DONE |                             0100 |                               10
                  iSTATE |                             1000 |                               11
---------------------------------------------------------------------------------------------------
INFO: [Synth 8-3354] encoded FSM with state register 'state_reg' using encoding 'one-hot' in module 'spi_control'
---------------------------------------------------------------------------------
Finished RTL Optimization Phase 2 : Time (s): cpu = 00:00:18 ; elapsed = 00:00:19 . Memory (MB): peak = 1090.098 ; gain = 60.730
---------------------------------------------------------------------------------
---------------------------------------------------------------------------------
Start RTL Component Statistics 
---------------------------------------------------------------------------------
Detailed RTL Component Info : 
+---Adders : 
	   2 Input    8 Bit       Adders := 1     
	   2 Input    7 Bit       Adders := 1     
	   2 Input    4 Bit       Adders := 1     
	   2 Input    3 Bit       Adders := 3     
	   2 Input    2 Bit       Adders := 1     
+---Registers : 
	                8 Bit    Registers := 4     
	                7 Bit    Registers := 1     
	                5 Bit    Registers := 2     
	                4 Bit    Registers := 1     
	                3 Bit    Registers := 3     
	                2 Bit    Registers := 2     
	                1 Bit    Registers := 13    
+---Muxes : 
	 129 Input   64 Bit        Muxes := 1     
	   4 Input    8 Bit        Muxes := 1     
	  25 Input    8 Bit        Muxes := 1     
	   8 Input    8 Bit        Muxes := 1     
	   2 Input    7 Bit        Muxes := 1     
	  26 Input    5 Bit        Muxes := 1     
	   5 Input    5 Bit        Muxes := 1     
	   3 Input    4 Bit        Muxes := 1     
	   2 Input    4 Bit        Muxes := 1     
	  25 Input    4 Bit        Muxes := 1     
	   4 Input    3 Bit        Muxes := 1     
	   2 Input    3 Bit        Muxes := 1     
	  25 Input    3 Bit        Muxes := 1     
	  16 Input    3 Bit        Muxes := 1     
	  25 Input    2 Bit        Muxes := 1     
	   5 Input    2 Bit        Muxes := 1     
	   2 Input    1 Bit        Muxes := 3     
	   4 Input    1 Bit        Muxes := 10    
	  25 Input    1 Bit        Muxes := 14    
---------------------------------------------------------------------------------
Finished RTL Component Statistics 
---------------------------------------------------------------------------------
---------------------------------------------------------------------------------
Start Part Resource Summary
---------------------------------------------------------------------------------
Part Resources:
DSPs: 220 (col length:60)
BRAMs: 280 (col length: RAMB18 60 RAMB36 30)
---------------------------------------------------------------------------------
Finished Part Resource Summary
---------------------------------------------------------------------------------
---------------------------------------------------------------------------------
Start Cross Boundary and Area Optimization
---------------------------------------------------------------------------------
---------------------------------------------------------------------------------
Finished Cross Boundary and Area Optimization : Time (s): cpu = 00:00:23 ; elapsed = 00:00:24 . Memory (MB): peak = 1090.098 ; gain = 60.730
---------------------------------------------------------------------------------
---------------------------------------------------------------------------------
Start ROM, RAM, DSP and Shift Register Reporting
---------------------------------------------------------------------------------

ROM: Preliminary Mapping	Report
+-------------+------------+---------------+----------------+
|Module Name  | RTL Object | Depth x Width | Implemented As | 
+-------------+------------+---------------+----------------+
|OLED_control | spiData    | 32x1          | LUT            | 
|top          | OC/spiData | 32x1          | LUT            | 
+-------------+------------+---------------+----------------+

---------------------------------------------------------------------------------
Finished ROM, RAM, DSP and Shift Register Reporting
---------------------------------------------------------------------------------
---------------------------------------------------------------------------------
Start Applying XDC Timing Constraints
---------------------------------------------------------------------------------
---------------------------------------------------------------------------------
Finished Applying XDC Timing Constraints : Time (s): cpu = 00:00:33 ; elapsed = 00:00:35 . Memory (MB): peak = 1090.098 ; gain = 60.730
---------------------------------------------------------------------------------
---------------------------------------------------------------------------------
Start Timing Optimization
---------------------------------------------------------------------------------
---------------------------------------------------------------------------------
Finished Timing Optimization : Time (s): cpu = 00:00:35 ; elapsed = 00:00:36 . Memory (MB): peak = 1090.098 ; gain = 60.730
---------------------------------------------------------------------------------
---------------------------------------------------------------------------------
Start Technology Mapping
---------------------------------------------------------------------------------
---------------------------------------------------------------------------------
Finished Technology Mapping : Time (s): cpu = 00:00:35 ; elapsed = 00:00:36 . Memory (MB): peak = 1096.742 ; gain = 67.375
---------------------------------------------------------------------------------
---------------------------------------------------------------------------------
Start IO Insertion
---------------------------------------------------------------------------------
---------------------------------------------------------------------------------
Start Flattening Before IO Insertion
---------------------------------------------------------------------------------
---------------------------------------------------------------------------------
Finished Flattening Before IO Insertion
---------------------------------------------------------------------------------
---------------------------------------------------------------------------------
Start Final Netlist Cleanup
---------------------------------------------------------------------------------
---------------------------------------------------------------------------------
Finished Final Netlist Cleanup
---------------------------------------------------------------------------------
---------------------------------------------------------------------------------
Finished IO Insertion : Time (s): cpu = 00:00:39 ; elapsed = 00:00:41 . Memory (MB): peak = 1096.742 ; gain = 67.375
---------------------------------------------------------------------------------
---------------------------------------------------------------------------------
Start Renaming Generated Instances
---------------------------------------------------------------------------------
---------------------------------------------------------------------------------
Finished Renaming Generated Instances : Time (s): cpu = 00:00:39 ; elapsed = 00:00:41 . Memory (MB): peak = 1096.742 ; gain = 67.375
---------------------------------------------------------------------------------
---------------------------------------------------------------------------------
Start Rebuilding User Hierarchy
---------------------------------------------------------------------------------
---------------------------------------------------------------------------------
Finished Rebuilding User Hierarchy : Time (s): cpu = 00:00:40 ; elapsed = 00:00:41 . Memory (MB): peak = 1096.742 ; gain = 67.375
---------------------------------------------------------------------------------
---------------------------------------------------------------------------------
Start Renaming Generated Ports
---------------------------------------------------------------------------------
---------------------------------------------------------------------------------
Finished Renaming Generated Ports : Time (s): cpu = 00:00:40 ; elapsed = 00:00:41 . Memory (MB): peak = 1096.742 ; gain = 67.375
---------------------------------------------------------------------------------
---------------------------------------------------------------------------------
Start Handling Custom Attributes
---------------------------------------------------------------------------------
---------------------------------------------------------------------------------
Finished Handling Custom Attributes : Time (s): cpu = 00:00:40 ; elapsed = 00:00:41 . Memory (MB): peak = 1096.742 ; gain = 67.375
---------------------------------------------------------------------------------
---------------------------------------------------------------------------------
Start Renaming Generated Nets
---------------------------------------------------------------------------------
---------------------------------------------------------------------------------
Finished Renaming Generated Nets : Time (s): cpu = 00:00:40 ; elapsed = 00:00:41 . Memory (MB): peak = 1096.742 ; gain = 67.375
---------------------------------------------------------------------------------
---------------------------------------------------------------------------------
Start Writing Synthesis Report
---------------------------------------------------------------------------------

Report BlackBoxes: 
+-+--------------+----------+
| |BlackBox name |Instances |
+-+--------------+----------+
+-+--------------+----------+

Report Cell Usage: 
+------+-------+------+
|      |Cell   |Count |
+------+-------+------+
|1     |BUFG   |     1|
|2     |CARRY4 |    13|
|3     |LUT1   |    36|
|4     |LUT2   |    19|
|5     |LUT3   |    27|
|6     |LUT4   |    38|
|7     |LUT5   |    43|
|8     |LUT6   |   165|
|9     |MUXF7  |    47|
|10    |MUXF8  |     7|
|11    |FDRE   |   121|
|12    |FDSE   |    10|
|13    |IBUF   |     6|
|14    |OBUF   |     6|
+------+-------+------+
---------------------------------------------------------------------------------
Finished Writing Synthesis Report : Time (s): cpu = 00:00:40 ; elapsed = 00:00:41 . Memory (MB): peak = 1096.742 ; gain = 67.375
---------------------------------------------------------------------------------
Synthesis finished with 0 errors, 0 critical warnings and 0 warnings.
Synthesis Optimization Runtime : Time (s): cpu = 00:00:28 ; elapsed = 00:00:37 . Memory (MB): peak = 1096.742 ; gain = 6.645
Synthesis Optimization Complete : Time (s): cpu = 00:00:40 ; elapsed = 00:00:41 . Memory (MB): peak = 1096.742 ; gain = 67.375
INFO: [Project 1-571] Translating synthesized netlist
Netlist sorting complete. Time (s): cpu = 00:00:00 ; elapsed = 00:00:00.010 . Memory (MB): peak = 1096.742 ; gain = 0.000
INFO: [Netlist 29-17] Analyzing 67 Unisim elements for replacement
INFO: [Netlist 29-28] Unisim Transformation completed in 0 CPU seconds
INFO: [Project 1-570] Preparing netlist for logic optimization
INFO: [Opt 31-138] Pushed 0 inverter(s) to 0 load pin(s).
Netlist sorting complete. Time (s): cpu = 00:00:00 ; elapsed = 00:00:00 . Memory (MB): peak = 1096.742 ; gain = 0.000
INFO: [Project 1-111] Unisim Transformation Summary:
No Unisim elements were transformed.

INFO: [Common 17-83] Releasing license: Synthesis
31 Infos, 3 Warnings, 2 Critical Warnings and 0 Errors encountered.
synth_design completed successfully
synth_design: Time (s): cpu = 00:00:48 ; elapsed = 00:00:51 . Memory (MB): peak = 1096.742 ; gain = 67.375
INFO: [Common 17-1381] The checkpoint 'C:/Users/Noman Traders/Desktop/habib/STRP/OLED-driver/OLED-driver.runs/synth_1/top.dcp' has been generated.
INFO: [runtcl-4] Executing : report_utilization -file top_utilization_synth.rpt -pb top_utilization_synth.pb
INFO: [Common 17-206] Exiting Vivado at Mon Aug 11 14:34:48 2025...
